<?xml version="1.0" encoding="UTF-8"?>
<testsuite xmlns:xsi="http://www.w3.org/2001/XMLSchema-instance" xsi:noNamespaceSchemaLocation="https://maven.apache.org/surefire/maven-surefire-plugin/xsd/surefire-test-report.xsd" version="3.0.2" name="com.cnki.www.cnki_java.CnkiJavaApplicationTests" time="13.596" tests="1" errors="0" skipped="0" failures="0">
  <properties>
[...]
</properties>
  <testcase name="contextLoads" classname="com.cnki.www.cnki_java.CnkiJavaApplicationTests" time="0.331">
    <system-out><![CDATA[22:57:18.683 [main] INFO org.springframework.test.context.support.AnnotationConfigContextLoaderUtils -- Could not detect default configuration classes for test class [com.cnki.www.cnki_java.CnkiJavaApplicationTests]: CnkiJavaApplicationTests does not declare any static, non-private, non-final, nested classes annotated with @Configuration.
22:57:18.735 [main] INFO org.springframework.boot.test.context.SpringBootTestContextBootstrapper -- Found @SpringBootConfiguration com.cnki.www.cnki_java.CnkiJavaApplication for test class com.cnki.www.cnki_java.CnkiJavaApplicationTests
22:57:18.798 [main] INFO org.springframework.boot.devtools.restart.RestartApplicationListener -- Restart disabled due to context in which it is running
2025-02-20T22:57:18.904+08:00 TRACE 99541 --- [cnki_java] [           main] o.s.c.io.support.SpringFactoriesLoader   : Loaded [org.springframework.boot.ApplicationContextFactory] names: [org.springframework.boot.web.reactive.context.ReactiveWebServerApplicationContextFactory, org.springframework.boot.web.servlet.context.ServletWebServerApplicationContextFactory]

  .   ____          _            __ _ _
 /\\ / ___'_ __ _ _(_)_ __  __ _ \ \ \ \
( ( )\___ | '_ | '_| | '_ \/ _` | \ \ \ \
 \\/  ___)| |_)| | | | | || (_| |  ) ) ) )
  '  |____| .__|_| |_|_| |_\__, | / / / /
 =========|_|==============|___/=/_/_/_/

 :: Spring Boot ::                (v3.4.2)

2025-02-20T22:57:18.923+08:00 TRACE 99541 --- [cnki_java] [           main] o.s.c.io.support.SpringFactoriesLoader   : Loaded [org.springframework.core.io.ProtocolResolver] names: [org.springframework.boot.io.Base64ProtocolResolver]
2025-02-20T22:57:18.931+08:00  INFO 99541 --- [cnki_java] [           main] c.c.w.c.CnkiJavaApplicationTests         : Starting CnkiJavaApplicationTests using Java 23.0.1 with PID 99541 (started by rick in /Users/rick/Desktop/CNKI/cnki_java)
2025-02-20T22:57:18.932+08:00  INFO 99541 --- [cnki_java] [           main] c.c.w.c.CnkiJavaApplicationTests         : No active profile set, falling back to 1 default profile: "default"
2025-02-20T22:57:18.954+08:00 DEBUG 99541 --- [cnki_java] [           main] o.s.w.c.s.GenericWebApplicationContext   : Refreshing org.springframework.web.context.support.GenericWebApplicationContext@29b732a2
2025-02-20T22:57:18.967+08:00 TRACE 99541 --- [cnki_java] [           main] o.s.c.io.support.SpringFactoriesLoader   : Loaded [org.springframework.beans.BeanInfoFactory] names: [org.springframework.data.util.KotlinBeanInfoFactory]
2025-02-20T22:57:18.978+08:00 TRACE 99541 --- [cnki_java] [           main] .i.s.PathMatchingResourcePatternResolver : Resolved module-path location pattern [com/cnki/www/cnki_java/**/*.class] to resources []
2025-02-20T22:57:18.978+08:00 TRACE 99541 --- [cnki_java] [           main] .i.s.PathMatchingResourcePatternResolver : Resolved module-path location pattern [com/cnki/www/cnki_java/] to resources []
2025-02-20T22:57:18.978+08:00 TRACE 99541 --- [cnki_java] [           main] .i.s.PathMatchingResourcePatternResolver : Resolved class path location [com/cnki/www/cnki_java/] to resources [file [/Users/rick/Desktop/CNKI/cnki_java/target/test-classes/com/cnki/www/cnki_java], file [/Users/rick/Desktop/CNKI/cnki_java/target/classes/com/cnki/www/cnki_java]]
2025-02-20T22:57:18.979+08:00 TRACE 99541 --- [cnki_java] [           main] .i.s.PathMatchingResourcePatternResolver : Searching directory [/Users/rick/Desktop/CNKI/cnki_java/target/test-classes/com/cnki/www/cnki_java] for files matching pattern [**/*.class]
2025-02-20T22:57:18.979+08:00 TRACE 99541 --- [cnki_java] [           main] .i.s.PathMatchingResourcePatternResolver : Searching directory [/Users/rick/Desktop/CNKI/cnki_java/target/classes/com/cnki/www/cnki_java] for files matching pattern [**/*.class]
2025-02-20T22:57:18.981+08:00 TRACE 99541 --- [cnki_java] [           main] .i.s.PathMatchingResourcePatternResolver : Resolved location pattern [classpath*:com/cnki/www/cnki_java/**/*.class] to resources [file [/Users/rick/Desktop/CNKI/cnki_java/target/test-classes/com/cnki/www/cnki_java/CnkiJavaApplicationTests.class], file [/Users/rick/Desktop/CNKI/cnki_java/target/classes/com/cnki/www/cnki_java/CnkiJavaApplication.class], file [/Users/rick/Desktop/CNKI/cnki_java/target/classes/com/cnki/www/cnki_java/common/ApiResponse.class], file [/Users/rick/Desktop/CNKI/cnki_java/target/classes/com/cnki/www/cnki_java/config/CorsConfig$1.class], file [/Users/rick/Desktop/CNKI/cnki_java/target/classes/com/cnki/www/cnki_java/config/CorsConfig.class], file [/Users/rick/Desktop/CNKI/cnki_java/target/classes/com/cnki/www/cnki_java/config/KaptchaConfig.class], file [/Users/rick/Desktop/CNKI/cnki_java/target/classes/com/cnki/www/cnki_java/config/SecurityConfig.class], file [/Users/rick/Desktop/CNKI/cnki_java/target/classes/com/cnki/www/cnki_java/config/WebConfig.class], file [/Users/rick/Desktop/CNKI/cnki_java/target/classes/com/cnki/www/cnki_java/config/WebMvcConfig.class], file [/Users/rick/Desktop/CNKI/cnki_java/target/classes/com/cnki/www/cnki_java/controller/CaptchaController.class], file [/Users/rick/Desktop/CNKI/cnki_java/target/classes/com/cnki/www/cnki_java/controller/KnowledgeGraphController.class], file [/Users/rick/Desktop/CNKI/cnki_java/target/classes/com/cnki/www/cnki_java/controller/PaperController.class], file [/Users/rick/Desktop/CNKI/cnki_java/target/classes/com/cnki/www/cnki_java/controller/UserController.class], file [/Users/rick/Desktop/CNKI/cnki_java/target/classes/com/cnki/www/cnki_java/dto/LoginRequest.class], file [/Users/rick/Desktop/CNKI/cnki_java/target/classes/com/cnki/www/cnki_java/dto/PaperResponseDTO.class], file [/Users/rick/Desktop/CNKI/cnki_java/target/classes/com/cnki/www/cnki_java/dto/RegisterRequest.class], file [/Users/rick/Desktop/CNKI/cnki_java/target/classes/com/cnki/www/cnki_java/dto/UserResponseDTO.class], file [/Users/rick/Desktop/CNKI/cnki_java/target/classes/com/cnki/www/cnki_java/entity/Favorite.class], file [/Users/rick/Desktop/CNKI/cnki_java/target/classes/com/cnki/www/cnki_java/entity/Paper.class], file [/Users/rick/Desktop/CNKI/cnki_java/target/classes/com/cnki/www/cnki_java/entity/PaperKeywords.class], file [/Users/rick/Desktop/CNKI/cnki_java/target/classes/com/cnki/www/cnki_java/entity/SearchHistory.class], file [/Users/rick/Desktop/CNKI/cnki_java/target/classes/com/cnki/www/cnki_java/entity/User.class], file [/Users/rick/Desktop/CNKI/cnki_java/target/classes/com/cnki/www/cnki_java/entity/ViewHistory.class], file [/Users/rick/Desktop/CNKI/cnki_java/target/classes/com/cnki/www/cnki_java/repository/FavoriteRepository.class], file [/Users/rick/Desktop/CNKI/cnki_java/target/classes/com/cnki/www/cnki_java/repository/PaperKeywordsRepository.class], file [/Users/rick/Desktop/CNKI/cnki_java/target/classes/com/cnki/www/cnki_java/repository/PaperRepository.class], file [/Users/rick/Desktop/CNKI/cnki_java/target/classes/com/cnki/www/cnki_java/repository/SearchHistoryRepository.class], file [/Users/rick/Desktop/CNKI/cnki_java/target/classes/com/cnki/www/cnki_java/repository/UserRepository.class], file [/Users/rick/Desktop/CNKI/cnki_java/target/classes/com/cnki/www/cnki_java/repository/ViewHistoryRepository.class], file [/Users/rick/Desktop/CNKI/cnki_java/target/classes/com/cnki/www/cnki_java/service/KnowledgeGraphService$1.class], file [/Users/rick/Desktop/CNKI/cnki_java/target/classes/com/cnki/www/cnki_java/service/KnowledgeGraphService.class], file [/Users/rick/Desktop/CNKI/cnki_java/target/classes/com/cnki/www/cnki_java/util/PdfKeywordExtractor.class]]
2025-02-20T22:57:19.025+08:00 TRACE 99541 --- [cnki_java] [           main] o.s.c.io.support.SpringFactoriesLoader   : Loaded [org.springframework.boot.autoconfigure.AutoConfigurationImportFilter] names: [org.springframework.boot.autoconfigure.condition.OnBeanCondition, org.springframework.boot.autoconfigure.condition.OnClassCondition, org.springframework.boot.autoconfigure.condition.OnWebApplicationCondition]
2025-02-20T22:57:19.048+08:00 TRACE 99541 --- [cnki_java] [           main] o.s.c.io.support.SpringFactoriesLoader   : Loaded [org.springframework.boot.autoconfigure.AutoConfigurationImportListener] names: [org.springframework.boot.autoconfigure.condition.ConditionEvaluationReportAutoConfigurationImportListener]
2025-02-20T22:57:19.059+08:00 TRACE 99541 --- [cnki_java] [           main] .i.s.PathMatchingResourcePatternResolver : Resolved module-path location pattern [messages.properties] to resources []
2025-02-20T22:57:19.060+08:00 TRACE 99541 --- [cnki_java] [           main] .i.s.PathMatchingResourcePatternResolver : Resolved class path location [messages.properties] to resources []
2025-02-20T22:57:19.079+08:00 TRACE 99541 --- [cnki_java] [           main] o.s.c.io.support.SpringFactoriesLoader   : Loaded [org.springframework.boot.autoconfigure.template.TemplateAvailabilityProvider] names: [org.springframework.boot.autoconfigure.freemarker.FreeMarkerTemplateAvailabilityProvider, org.springframework.boot.autoconfigure.mustache.MustacheTemplateAvailabilityProvider, org.springframework.boot.autoconfigure.groovy.template.GroovyTemplateAvailabilityProvider, org.springframework.boot.autoconfigure.thymeleaf.ThymeleafTemplateAvailabilityProvider, org.springframework.boot.autoconfigure.web.servlet.JspTemplateAvailabilityProvider]
2025-02-20T22:57:19.183+08:00 TRACE 99541 --- [cnki_java] [           main] o.s.c.io.support.SpringFactoriesLoader   : Loaded [org.springframework.boot.autoconfigure.template.TemplateAvailabilityProvider] names: [org.springframework.boot.autoconfigure.freemarker.FreeMarkerTemplateAvailabilityProvider, org.springframework.boot.autoconfigure.mustache.MustacheTemplateAvailabilityProvider, org.springframework.boot.autoconfigure.groovy.template.GroovyTemplateAvailabilityProvider, org.springframework.boot.autoconfigure.thymeleaf.ThymeleafTemplateAvailabilityProvider, org.springframework.boot.autoconfigure.web.servlet.JspTemplateAvailabilityProvider]
2025-02-20T22:57:19.236+08:00  INFO 99541 --- [cnki_java] [           main] .s.d.r.c.RepositoryConfigurationDelegate : Bootstrapping Spring Data JPA repositories in DEFAULT mode.
2025-02-20T22:57:19.244+08:00 TRACE 99541 --- [cnki_java] [           main] .i.s.PathMatchingResourcePatternResolver : Resolved module-path location pattern [com/cnki/www/cnki_java/**/*.class] to resources []
2025-02-20T22:57:19.244+08:00 TRACE 99541 --- [cnki_java] [           main] .i.s.PathMatchingResourcePatternResolver : Searching directory [/Users/rick/Desktop/CNKI/cnki_java/target/test-classes/com/cnki/www/cnki_java] for files matching pattern [**/*.class]
2025-02-20T22:57:19.244+08:00 TRACE 99541 --- [cnki_java] [           main] .i.s.PathMatchingResourcePatternResolver : Searching directory [/Users/rick/Desktop/CNKI/cnki_java/target/classes/com/cnki/www/cnki_java] for files matching pattern [**/*.class]
2025-02-20T22:57:19.246+08:00 TRACE 99541 --- [cnki_java] [           main] .i.s.PathMatchingResourcePatternResolver : Resolved location pattern [classpath*:com/cnki/www/cnki_java/**/*.class] to resources [file [/Users/rick/Desktop/CNKI/cnki_java/target/test-classes/com/cnki/www/cnki_java/CnkiJavaApplicationTests.class], file [/Users/rick/Desktop/CNKI/cnki_java/target/classes/com/cnki/www/cnki_java/CnkiJavaApplication.class], file [/Users/rick/Desktop/CNKI/cnki_java/target/classes/com/cnki/www/cnki_java/common/ApiResponse.class], file [/Users/rick/Desktop/CNKI/cnki_java/target/classes/com/cnki/www/cnki_java/config/CorsConfig$1.class], file [/Users/rick/Desktop/CNKI/cnki_java/target/classes/com/cnki/www/cnki_java/config/CorsConfig.class], file [/Users/rick/Desktop/CNKI/cnki_java/target/classes/com/cnki/www/cnki_java/config/KaptchaConfig.class], file [/Users/rick/Desktop/CNKI/cnki_java/target/classes/com/cnki/www/cnki_java/config/SecurityConfig.class], file [/Users/rick/Desktop/CNKI/cnki_java/target/classes/com/cnki/www/cnki_java/config/WebConfig.class], file [/Users/rick/Desktop/CNKI/cnki_java/target/classes/com/cnki/www/cnki_java/config/WebMvcConfig.class], file [/Users/rick/Desktop/CNKI/cnki_java/target/classes/com/cnki/www/cnki_java/controller/CaptchaController.class], file [/Users/rick/Desktop/CNKI/cnki_java/target/classes/com/cnki/www/cnki_java/controller/KnowledgeGraphController.class], file [/Users/rick/Desktop/CNKI/cnki_java/target/classes/com/cnki/www/cnki_java/controller/PaperController.class], file [/Users/rick/Desktop/CNKI/cnki_java/target/classes/com/cnki/www/cnki_java/controller/UserController.class], file [/Users/rick/Desktop/CNKI/cnki_java/target/classes/com/cnki/www/cnki_java/dto/LoginRequest.class], file [/Users/rick/Desktop/CNKI/cnki_java/target/classes/com/cnki/www/cnki_java/dto/PaperResponseDTO.class], file [/Users/rick/Desktop/CNKI/cnki_java/target/classes/com/cnki/www/cnki_java/dto/RegisterRequest.class], file [/Users/rick/Desktop/CNKI/cnki_java/target/classes/com/cnki/www/cnki_java/dto/UserResponseDTO.class], file [/Users/rick/Desktop/CNKI/cnki_java/target/classes/com/cnki/www/cnki_java/entity/Favorite.class], file [/Users/rick/Desktop/CNKI/cnki_java/target/classes/com/cnki/www/cnki_java/entity/Paper.class], file [/Users/rick/Desktop/CNKI/cnki_java/target/classes/com/cnki/www/cnki_java/entity/PaperKeywords.class], file [/Users/rick/Desktop/CNKI/cnki_java/target/classes/com/cnki/www/cnki_java/entity/SearchHistory.class], file [/Users/rick/Desktop/CNKI/cnki_java/target/classes/com/cnki/www/cnki_java/entity/User.class], file [/Users/rick/Desktop/CNKI/cnki_java/target/classes/com/cnki/www/cnki_java/entity/ViewHistory.class], file [/Users/rick/Desktop/CNKI/cnki_java/target/classes/com/cnki/www/cnki_java/repository/FavoriteRepository.class], file [/Users/rick/Desktop/CNKI/cnki_java/target/classes/com/cnki/www/cnki_java/repository/PaperKeywordsRepository.class], file [/Users/rick/Desktop/CNKI/cnki_java/target/classes/com/cnki/www/cnki_java/repository/PaperRepository.class], file [/Users/rick/Desktop/CNKI/cnki_java/target/classes/com/cnki/www/cnki_java/repository/SearchHistoryRepository.class], file [/Users/rick/Desktop/CNKI/cnki_java/target/classes/com/cnki/www/cnki_java/repository/UserRepository.class], file [/Users/rick/Desktop/CNKI/cnki_java/target/classes/com/cnki/www/cnki_java/repository/ViewHistoryRepository.class], file [/Users/rick/Desktop/CNKI/cnki_java/target/classes/com/cnki/www/cnki_java/service/KnowledgeGraphService$1.class], file [/Users/rick/Desktop/CNKI/cnki_java/target/classes/com/cnki/www/cnki_java/service/KnowledgeGraphService.class], file [/Users/rick/Desktop/CNKI/cnki_java/target/classes/com/cnki/www/cnki_java/util/PdfKeywordExtractor.class]]
2025-02-20T22:57:19.262+08:00 TRACE 99541 --- [cnki_java] [           main] .i.s.PathMatchingResourcePatternResolver : Resolved module-path location pattern [com/cnki/www/cnki_java/**/*Impl.class] to resources []
2025-02-20T22:57:19.263+08:00 TRACE 99541 --- [cnki_java] [           main] .i.s.PathMatchingResourcePatternResolver : Searching directory [/Users/rick/Desktop/CNKI/cnki_java/target/test-classes/com/cnki/www/cnki_java] for files matching pattern [**/*Impl.class]
2025-02-20T22:57:19.268+08:00 TRACE 99541 --- [cnki_java] [           main] .i.s.PathMatchingResourcePatternResolver : Searching directory [/Users/rick/Desktop/CNKI/cnki_java/target/classes/com/cnki/www/cnki_java] for files matching pattern [**/*Impl.class]
2025-02-20T22:57:19.272+08:00 TRACE 99541 --- [cnki_java] [           main] .i.s.PathMatchingResourcePatternResolver : Resolved location pattern [classpath*:com/cnki/www/cnki_java/**/*Impl.class] to resources []
2025-02-20T22:57:19.282+08:00  INFO 99541 --- [cnki_java] [           main] .s.d.r.c.RepositoryConfigurationDelegate : Finished Spring Data repository scanning in 42 ms. Found 6 JPA repository interfaces.
2025-02-20T22:57:19.406+08:00 TRACE 99541 --- [cnki_java] [           main] o.s.c.io.support.SpringFactoriesLoader   : Loaded [org.springframework.boot.sql.init.dependency.DatabaseInitializerDetector] names: [org.springframework.boot.flyway.FlywayDatabaseInitializerDetector, org.springframework.boot.jdbc.init.DataSourceScriptDatabaseInitializerDetector, org.springframework.boot.liquibase.LiquibaseDatabaseInitializerDetector, org.springframework.boot.orm.jpa.JpaDatabaseInitializerDetector, org.springframework.boot.r2dbc.init.R2dbcScriptDatabaseInitializerDetector, org.springframework.boot.autoconfigure.flyway.FlywayMigrationInitializerDatabaseInitializerDetector]
2025-02-20T22:57:19.408+08:00 TRACE 99541 --- [cnki_java] [           main] o.s.c.io.support.SpringFactoriesLoader   : Loaded [org.springframework.boot.sql.init.dependency.DependsOnDatabaseInitializationDetector] names: [org.springframework.boot.sql.init.dependency.AnnotationDependsOnDatabaseInitializationDetector, org.springframework.boot.jdbc.SpringJdbcDependsOnDatabaseInitializationDetector, org.springframework.boot.jooq.JooqDependsOnDatabaseInitializationDetector, org.springframework.boot.orm.jpa.JpaDependsOnDatabaseInitializationDetector, org.springframework.boot.autoconfigure.batch.JobRepositoryDependsOnDatabaseInitializationDetector, org.springframework.boot.autoconfigure.quartz.SchedulerDependsOnDatabaseInitializationDetector, org.springframework.boot.autoconfigure.session.JdbcIndexedSessionRepositoryDependsOnDatabaseInitializationDetector]
2025-02-20T22:57:19.559+08:00 TRACE 99541 --- [cnki_java] [           main] .i.s.PathMatchingResourcePatternResolver : Resolved module-path location pattern [schema-all.sql] to resources []
2025-02-20T22:57:19.559+08:00 TRACE 99541 --- [cnki_java] [           main] .i.s.PathMatchingResourcePatternResolver : Resolved class path location [schema-all.sql] to resources []
2025-02-20T22:57:19.559+08:00 TRACE 99541 --- [cnki_java] [           main] .i.s.PathMatchingResourcePatternResolver : Resolved module-path location pattern [schema.sql] to resources []
2025-02-20T22:57:19.560+08:00 TRACE 99541 --- [cnki_java] [           main] .i.s.PathMatchingResourcePatternResolver : Resolved class path location [schema.sql] to resources []
2025-02-20T22:57:19.560+08:00 TRACE 99541 --- [cnki_java] [           main] .i.s.PathMatchingResourcePatternResolver : Resolved module-path location pattern [data-all.sql] to resources []
2025-02-20T22:57:19.560+08:00 TRACE 99541 --- [cnki_java] [           main] .i.s.PathMatchingResourcePatternResolver : Resolved class path location [data-all.sql] to resources []
2025-02-20T22:57:19.560+08:00 TRACE 99541 --- [cnki_java] [           main] .i.s.PathMatchingResourcePatternResolver : Resolved module-path location pattern [data.sql] to resources []
2025-02-20T22:57:19.560+08:00 TRACE 99541 --- [cnki_java] [           main] .i.s.PathMatchingResourcePatternResolver : Resolved class path location [data.sql] to resources []
2025-02-20T22:57:19.575+08:00 TRACE 99541 --- [cnki_java] [           main] .i.s.PathMatchingResourcePatternResolver : Resolved module-path location pattern [com/cnki/www/cnki_java/**/*.class] to resources []
2025-02-20T22:57:19.575+08:00 TRACE 99541 --- [cnki_java] [           main] .i.s.PathMatchingResourcePatternResolver : Searching directory [/Users/rick/Desktop/CNKI/cnki_java/target/test-classes/com/cnki/www/cnki_java] for files matching pattern [**/*.class]
2025-02-20T22:57:19.575+08:00 TRACE 99541 --- [cnki_java] [           main] .i.s.PathMatchingResourcePatternResolver : Searching directory [/Users/rick/Desktop/CNKI/cnki_java/target/classes/com/cnki/www/cnki_java] for files matching pattern [**/*.class]
2025-02-20T22:57:19.577+08:00 TRACE 99541 --- [cnki_java] [           main] .i.s.PathMatchingResourcePatternResolver : Resolved location pattern [classpath*:com/cnki/www/cnki_java/**/*.class] to resources [file [/Users/rick/Desktop/CNKI/cnki_java/target/test-classes/com/cnki/www/cnki_java/CnkiJavaApplicationTests.class], file [/Users/rick/Desktop/CNKI/cnki_java/target/classes/com/cnki/www/cnki_java/CnkiJavaApplication.class], file [/Users/rick/Desktop/CNKI/cnki_java/target/classes/com/cnki/www/cnki_java/common/ApiResponse.class], file [/Users/rick/Desktop/CNKI/cnki_java/target/classes/com/cnki/www/cnki_java/config/CorsConfig$1.class], file [/Users/rick/Desktop/CNKI/cnki_java/target/classes/com/cnki/www/cnki_java/config/CorsConfig.class], file [/Users/rick/Desktop/CNKI/cnki_java/target/classes/com/cnki/www/cnki_java/config/KaptchaConfig.class], file [/Users/rick/Desktop/CNKI/cnki_java/target/classes/com/cnki/www/cnki_java/config/SecurityConfig.class], file [/Users/rick/Desktop/CNKI/cnki_java/target/classes/com/cnki/www/cnki_java/config/WebConfig.class], file [/Users/rick/Desktop/CNKI/cnki_java/target/classes/com/cnki/www/cnki_java/config/WebMvcConfig.class], file [/Users/rick/Desktop/CNKI/cnki_java/target/classes/com/cnki/www/cnki_java/controller/CaptchaController.class], file [/Users/rick/Desktop/CNKI/cnki_java/target/classes/com/cnki/www/cnki_java/controller/KnowledgeGraphController.class], file [/Users/rick/Desktop/CNKI/cnki_java/target/classes/com/cnki/www/cnki_java/controller/PaperController.class], file [/Users/rick/Desktop/CNKI/cnki_java/target/classes/com/cnki/www/cnki_java/controller/UserController.class], file [/Users/rick/Desktop/CNKI/cnki_java/target/classes/com/cnki/www/cnki_java/dto/LoginRequest.class], file [/Users/rick/Desktop/CNKI/cnki_java/target/classes/com/cnki/www/cnki_java/dto/PaperResponseDTO.class], file [/Users/rick/Desktop/CNKI/cnki_java/target/classes/com/cnki/www/cnki_java/dto/RegisterRequest.class], file [/Users/rick/Desktop/CNKI/cnki_java/target/classes/com/cnki/www/cnki_java/dto/UserResponseDTO.class], file [/Users/rick/Desktop/CNKI/cnki_java/target/classes/com/cnki/www/cnki_java/entity/Favorite.class], file [/Users/rick/Desktop/CNKI/cnki_java/target/classes/com/cnki/www/cnki_java/entity/Paper.class], file [/Users/rick/Desktop/CNKI/cnki_java/target/classes/com/cnki/www/cnki_java/entity/PaperKeywords.class], file [/Users/rick/Desktop/CNKI/cnki_java/target/classes/com/cnki/www/cnki_java/entity/SearchHistory.class], file [/Users/rick/Desktop/CNKI/cnki_java/target/classes/com/cnki/www/cnki_java/entity/User.class], file [/Users/rick/Desktop/CNKI/cnki_java/target/classes/com/cnki/www/cnki_java/entity/ViewHistory.class], file [/Users/rick/Desktop/CNKI/cnki_java/target/classes/com/cnki/www/cnki_java/repository/FavoriteRepository.class], file [/Users/rick/Desktop/CNKI/cnki_java/target/classes/com/cnki/www/cnki_java/repository/PaperKeywordsRepository.class], file [/Users/rick/Desktop/CNKI/cnki_java/target/classes/com/cnki/www/cnki_java/repository/PaperRepository.class], file [/Users/rick/Desktop/CNKI/cnki_java/target/classes/com/cnki/www/cnki_java/repository/SearchHistoryRepository.class], file [/Users/rick/Desktop/CNKI/cnki_java/target/classes/com/cnki/www/cnki_java/repository/UserRepository.class], file [/Users/rick/Desktop/CNKI/cnki_java/target/classes/com/cnki/www/cnki_java/repository/ViewHistoryRepository.class], file [/Users/rick/Desktop/CNKI/cnki_java/target/classes/com/cnki/www/cnki_java/service/KnowledgeGraphService$1.class], file [/Users/rick/Desktop/CNKI/cnki_java/target/classes/com/cnki/www/cnki_java/service/KnowledgeGraphService.class], file [/Users/rick/Desktop/CNKI/cnki_java/target/classes/com/cnki/www/cnki_java/util/PdfKeywordExtractor.class]]
2025-02-20T22:57:19.581+08:00 TRACE 99541 --- [cnki_java] [           main] .i.s.PathMatchingResourcePatternResolver : Resolved module-path location pattern [META-INF/persistence.xml] to resources []
2025-02-20T22:57:19.581+08:00 TRACE 99541 --- [cnki_java] [           main] .i.s.PathMatchingResourcePatternResolver : Resolved class path location [META-INF/persistence.xml] to resources []
2025-02-20T22:57:19.589+08:00  INFO 99541 --- [cnki_java] [           main] o.hibernate.jpa.internal.util.LogHelper  : HHH000204: Processing PersistenceUnitInfo [name: default]
2025-02-20T22:57:19.615+08:00  INFO 99541 --- [cnki_java] [           main] org.hibernate.Version                    : HHH000412: Hibernate ORM core version 6.6.5.Final
2025-02-20T22:57:19.626+08:00  INFO 99541 --- [cnki_java] [           main] o.h.c.internal.RegionFactoryInitiator    : HHH000026: Second-level cache disabled
2025-02-20T22:57:19.738+08:00  INFO 99541 --- [cnki_java] [           main] o.s.o.j.p.SpringPersistenceUnitInfo      : No LoadTimeWeaver setup: ignoring JPA class transformer
2025-02-20T22:57:19.751+08:00  INFO 99541 --- [cnki_java] [           main] com.zaxxer.hikari.HikariDataSource       : HikariPool-1 - Starting...
2025-02-20T22:57:19.917+08:00  INFO 99541 --- [cnki_java] [           main] com.zaxxer.hikari.pool.HikariPool        : HikariPool-1 - Added connection com.mysql.cj.jdbc.ConnectionImpl@68d8eb4f
2025-02-20T22:57:19.918+08:00  INFO 99541 --- [cnki_java] [           main] com.zaxxer.hikari.HikariDataSource       : HikariPool-1 - Start completed.
2025-02-20T22:57:19.982+08:00  INFO 99541 --- [cnki_java] [           main] org.hibernate.orm.connections.pooling    : HHH10001005: Database info:
	Database JDBC URL [Connecting through datasource 'HikariDataSource (HikariPool-1)']
	Database driver: undefined/unknown
	Database version: 8.0.41
	Autocommit mode: undefined/unknown
	Isolation level: undefined/unknown
	Minimum pool size: undefined/unknown
	Maximum pool size: undefined/unknown
2025-02-20T22:57:20.413+08:00  INFO 99541 --- [cnki_java] [           main] o.h.e.t.j.p.i.JtaPlatformInitiator       : HHH000489: No JTA platform available (set 'hibernate.transaction.jta.platform' to enable JTA platform integration)
2025-02-20T22:57:20.983+08:00  WARN 99541 --- [cnki_java] [           main] o.h.t.s.i.ExceptionHandlerLoggedImpl     : GenerationTarget encountered exception accepting command : Error executing DDL "alter table papers modify column authors varchar(255)" via JDBC [Data truncation: Data too long for column 'authors' at row 285]

org.hibernate.tool.schema.spi.CommandAcceptanceException: Error executing DDL "alter table papers modify column authors varchar(255)" via JDBC [Data truncation: Data too long for column 'authors' at row 285]
	at org.hibernate.tool.schema.internal.exec.GenerationTargetToDatabase.accept(GenerationTargetToDatabase.java:94) ~[hibernate-core-6.6.5.Final.jar:6.6.5.Final]
	at org.hibernate.tool.schema.internal.AbstractSchemaMigrator.applySqlString(AbstractSchemaMigrator.java:576) ~[hibernate-core-6.6.5.Final.jar:6.6.5.Final]
	at org.hibernate.tool.schema.internal.AbstractSchemaMigrator.applySqlStrings(AbstractSchemaMigrator.java:516) ~[hibernate-core-6.6.5.Final.jar:6.6.5.Final]
	at org.hibernate.tool.schema.internal.AbstractSchemaMigrator.migrateTable(AbstractSchemaMigrator.java:334) ~[hibernate-core-6.6.5.Final.jar:6.6.5.Final]
	at org.hibernate.tool.schema.internal.GroupedSchemaMigratorImpl.performTablesMigration(GroupedSchemaMigratorImpl.java:84) ~[hibernate-core-6.6.5.Final.jar:6.6.5.Final]
	at org.hibernate.tool.schema.internal.AbstractSchemaMigrator.performMigration(AbstractSchemaMigrator.java:233) ~[hibernate-core-6.6.5.Final.jar:6.6.5.Final]
	at org.hibernate.tool.schema.internal.AbstractSchemaMigrator.doMigration(AbstractSchemaMigrator.java:112) ~[hibernate-core-6.6.5.Final.jar:6.6.5.Final]
	at org.hibernate.tool.schema.spi.SchemaManagementToolCoordinator.performDatabaseAction(SchemaManagementToolCoordinator.java:280) ~[hibernate-core-6.6.5.Final.jar:6.6.5.Final]
	at org.hibernate.tool.schema.spi.SchemaManagementToolCoordinator.lambda$process$5(SchemaManagementToolCoordinator.java:144) ~[hibernate-core-6.6.5.Final.jar:6.6.5.Final]
	at java.base/java.util.HashMap.forEach(HashMap.java:1430) ~[na:na]
	at org.hibernate.tool.schema.spi.SchemaManagementToolCoordinator.process(SchemaManagementToolCoordinator.java:141) ~[hibernate-core-6.6.5.Final.jar:6.6.5.Final]
	at org.hibernate.boot.internal.SessionFactoryObserverForSchemaExport.sessionFactoryCreated(SessionFactoryObserverForSchemaExport.java:37) ~[hibernate-core-6.6.5.Final.jar:6.6.5.Final]
	at org.hibernate.internal.SessionFactoryObserverChain.sessionFactoryCreated(SessionFactoryObserverChain.java:35) ~[hibernate-core-6.6.5.Final.jar:6.6.5.Final]
	at org.hibernate.internal.SessionFactoryImpl.<init>(SessionFactoryImpl.java:324) ~[hibernate-core-6.6.5.Final.jar:6.6.5.Final]
	at org.hibernate.boot.internal.SessionFactoryBuilderImpl.build(SessionFactoryBuilderImpl.java:463) ~[hibernate-core-6.6.5.Final.jar:6.6.5.Final]
	at org.hibernate.jpa.boot.internal.EntityManagerFactoryBuilderImpl.build(EntityManagerFactoryBuilderImpl.java:1506) ~[hibernate-core-6.6.5.Final.jar:6.6.5.Final]
	at org.springframework.orm.jpa.vendor.SpringHibernateJpaPersistenceProvider.createContainerEntityManagerFactory(SpringHibernateJpaPersistenceProvider.java:66) ~[spring-orm-6.2.2.jar:6.2.2]
	at org.springframework.orm.jpa.LocalContainerEntityManagerFactoryBean.createNativeEntityManagerFactory(LocalContainerEntityManagerFactoryBean.java:390) ~[spring-orm-6.2.2.jar:6.2.2]
	at org.springframework.orm.jpa.AbstractEntityManagerFactoryBean.buildNativeEntityManagerFactory(AbstractEntityManagerFactoryBean.java:419) ~[spring-orm-6.2.2.jar:6.2.2]
	at org.springframework.orm.jpa.AbstractEntityManagerFactoryBean.afterPropertiesSet(AbstractEntityManagerFactoryBean.java:400) ~[spring-orm-6.2.2.jar:6.2.2]
	at org.springframework.orm.jpa.LocalContainerEntityManagerFactoryBean.afterPropertiesSet(LocalContainerEntityManagerFactoryBean.java:366) ~[spring-orm-6.2.2.jar:6.2.2]
	at org.springframework.beans.factory.support.AbstractAutowireCapableBeanFactory.invokeInitMethods(AbstractAutowireCapableBeanFactory.java:1859) ~[spring-beans-6.2.2.jar:6.2.2]
	at org.springframework.beans.factory.support.AbstractAutowireCapableBeanFactory.initializeBean(AbstractAutowireCapableBeanFactory.java:1808) ~[spring-beans-6.2.2.jar:6.2.2]
	at org.springframework.beans.factory.support.AbstractAutowireCapableBeanFactory.doCreateBean(AbstractAutowireCapableBeanFactory.java:601) ~[spring-beans-6.2.2.jar:6.2.2]
	at org.springframework.beans.factory.support.AbstractAutowireCapableBeanFactory.createBean(AbstractAutowireCapableBeanFactory.java:523) ~[spring-beans-6.2.2.jar:6.2.2]
	at org.springframework.beans.factory.support.AbstractBeanFactory.lambda$doGetBean$0(AbstractBeanFactory.java:336) ~[spring-beans-6.2.2.jar:6.2.2]
	at org.springframework.beans.factory.support.DefaultSingletonBeanRegistry.getSingleton(DefaultSingletonBeanRegistry.java:307) ~[spring-beans-6.2.2.jar:6.2.2]
	at org.springframework.beans.factory.support.AbstractBeanFactory.doGetBean(AbstractBeanFactory.java:334) ~[spring-beans-6.2.2.jar:6.2.2]
	at org.springframework.beans.factory.support.AbstractBeanFactory.getBean(AbstractBeanFactory.java:204) ~[spring-beans-6.2.2.jar:6.2.2]
	at org.springframework.context.support.AbstractApplicationContext.finishBeanFactoryInitialization(AbstractApplicationContext.java:970) ~[spring-context-6.2.2.jar:6.2.2]
	at org.springframework.context.support.AbstractApplicationContext.refresh(AbstractApplicationContext.java:627) ~[spring-context-6.2.2.jar:6.2.2]
	at org.springframework.boot.SpringApplication.refresh(SpringApplication.java:752) ~[spring-boot-3.4.2.jar:3.4.2]
	at org.springframework.boot.SpringApplication.refreshContext(SpringApplication.java:439) ~[spring-boot-3.4.2.jar:3.4.2]
	at org.springframework.boot.SpringApplication.run(SpringApplication.java:318) ~[spring-boot-3.4.2.jar:3.4.2]
	at org.springframework.boot.test.context.SpringBootContextLoader.lambda$loadContext$3(SpringBootContextLoader.java:137) ~[spring-boot-test-3.4.2.jar:3.4.2]
	at org.springframework.util.function.ThrowingSupplier.get(ThrowingSupplier.java:58) ~[spring-core-6.2.2.jar:6.2.2]
	at org.springframework.util.function.ThrowingSupplier.get(ThrowingSupplier.java:46) ~[spring-core-6.2.2.jar:6.2.2]
	at org.springframework.boot.SpringApplication.withHook(SpringApplication.java:1461) ~[spring-boot-3.4.2.jar:3.4.2]
	at org.springframework.boot.test.context.SpringBootContextLoader$ContextLoaderHook.run(SpringBootContextLoader.java:553) ~[spring-boot-test-3.4.2.jar:3.4.2]
	at org.springframework.boot.test.context.SpringBootContextLoader.loadContext(SpringBootContextLoader.java:137) ~[spring-boot-test-3.4.2.jar:3.4.2]
	at org.springframework.boot.test.context.SpringBootContextLoader.loadContext(SpringBootContextLoader.java:108) ~[spring-boot-test-3.4.2.jar:3.4.2]
	at org.springframework.test.context.cache.DefaultCacheAwareContextLoaderDelegate.loadContextInternal(DefaultCacheAwareContextLoaderDelegate.java:225) ~[spring-test-6.2.2.jar:6.2.2]
	at org.springframework.test.context.cache.DefaultCacheAwareContextLoaderDelegate.loadContext(DefaultCacheAwareContextLoaderDelegate.java:152) ~[spring-test-6.2.2.jar:6.2.2]
	at org.springframework.test.context.support.DefaultTestContext.getApplicationContext(DefaultTestContext.java:130) ~[spring-test-6.2.2.jar:6.2.2]
	at org.springframework.test.context.web.ServletTestExecutionListener.setUpRequestContextIfNecessary(ServletTestExecutionListener.java:191) ~[spring-test-6.2.2.jar:6.2.2]
	at org.springframework.test.context.web.ServletTestExecutionListener.prepareTestInstance(ServletTestExecutionListener.java:130) ~[spring-test-6.2.2.jar:6.2.2]
	at org.springframework.test.context.TestContextManager.prepareTestInstance(TestContextManager.java:260) ~[spring-test-6.2.2.jar:6.2.2]
	at org.springframework.test.context.junit.jupiter.SpringExtension.postProcessTestInstance(SpringExtension.java:160) ~[spring-test-6.2.2.jar:6.2.2]
	at org.junit.jupiter.engine.descriptor.ClassBasedTestDescriptor.lambda$invokeTestInstancePostProcessors$11(ClassBasedTestDescriptor.java:378) ~[junit-jupiter-engine-5.11.4.jar:5.11.4]
	at org.junit.jupiter.engine.descriptor.ClassBasedTestDescriptor.executeAndMaskThrowable(ClassBasedTestDescriptor.java:383) ~[junit-jupiter-engine-5.11.4.jar:5.11.4]
	at org.junit.jupiter.engine.descriptor.ClassBasedTestDescriptor.lambda$invokeTestInstancePostProcessors$12(ClassBasedTestDescriptor.java:378) ~[junit-jupiter-engine-5.11.4.jar:5.11.4]
	at java.base/java.util.stream.ForEachOps$ForEachOp$OfRef.accept(ForEachOps.java:184) ~[na:na]
	at java.base/java.util.stream.ReferencePipeline$3$1.accept(ReferencePipeline.java:215) ~[na:na]
	at java.base/java.util.stream.ReferencePipeline$2$1.accept(ReferencePipeline.java:197) ~[na:na]
	at java.base/java.util.stream.ReferencePipeline$3$1.accept(ReferencePipeline.java:215) ~[na:na]
	at java.base/java.util.ArrayList$ArrayListSpliterator.forEachRemaining(ArrayList.java:1709) ~[na:na]
	at java.base/java.util.stream.AbstractPipeline.copyInto(AbstractPipeline.java:570) ~[na:na]
	at java.base/java.util.stream.AbstractPipeline.wrapAndCopyInto(AbstractPipeline.java:560) ~[na:na]
	at java.base/java.util.stream.ForEachOps$ForEachOp.evaluateSequential(ForEachOps.java:151) ~[na:na]
	at java.base/java.util.stream.ForEachOps$ForEachOp$OfRef.evaluateSequential(ForEachOps.java:174) ~[na:na]
	at java.base/java.util.stream.AbstractPipeline.evaluate(AbstractPipeline.java:265) ~[na:na]
	at java.base/java.util.stream.ReferencePipeline.forEach(ReferencePipeline.java:636) ~[na:na]
	at org.junit.jupiter.engine.descriptor.ClassBasedTestDescriptor.invokeTestInstancePostProcessors(ClassBasedTestDescriptor.java:377) ~[junit-jupiter-engine-5.11.4.jar:5.11.4]
	at org.junit.jupiter.engine.descriptor.ClassBasedTestDescriptor.lambda$instantiateAndPostProcessTestInstance$7(ClassBasedTestDescriptor.java:290) ~[junit-jupiter-engine-5.11.4.jar:5.11.4]
	at org.junit.platform.engine.support.hierarchical.ThrowableCollector.execute(ThrowableCollector.java:73) ~[junit-platform-engine-1.11.4.jar:1.11.4]
	at org.junit.jupiter.engine.descriptor.ClassBasedTestDescriptor.instantiateAndPostProcessTestInstance(ClassBasedTestDescriptor.java:289) ~[junit-jupiter-engine-5.11.4.jar:5.11.4]
	at org.junit.jupiter.engine.descriptor.ClassBasedTestDescriptor.lambda$testInstancesProvider$5(ClassBasedTestDescriptor.java:279) ~[junit-jupiter-engine-5.11.4.jar:5.11.4]
	at java.base/java.util.Optional.orElseGet(Optional.java:364) ~[na:na]
	at org.junit.jupiter.engine.descriptor.ClassBasedTestDescriptor.lambda$testInstancesProvider$6(ClassBasedTestDescriptor.java:278) ~[junit-jupiter-engine-5.11.4.jar:5.11.4]
	at org.junit.jupiter.engine.execution.TestInstancesProvider.getTestInstances(TestInstancesProvider.java:31) ~[junit-jupiter-engine-5.11.4.jar:5.11.4]
	at org.junit.jupiter.engine.descriptor.TestMethodTestDescriptor.lambda$prepare$1(TestMethodTestDescriptor.java:105) ~[junit-jupiter-engine-5.11.4.jar:5.11.4]
	at org.junit.platform.engine.support.hierarchical.ThrowableCollector.execute(ThrowableCollector.java:73) ~[junit-platform-engine-1.11.4.jar:1.11.4]
	at org.junit.jupiter.engine.descriptor.TestMethodTestDescriptor.prepare(TestMethodTestDescriptor.java:104) ~[junit-jupiter-engine-5.11.4.jar:5.11.4]
	at org.junit.jupiter.engine.descriptor.TestMethodTestDescriptor.prepare(TestMethodTestDescriptor.java:68) ~[junit-jupiter-engine-5.11.4.jar:5.11.4]
	at org.junit.platform.engine.support.hierarchical.NodeTestTask.lambda$prepare$2(NodeTestTask.java:128) ~[junit-platform-engine-1.11.4.jar:1.11.4]
	at org.junit.platform.engine.support.hierarchical.ThrowableCollector.execute(ThrowableCollector.java:73) ~[junit-platform-engine-1.11.4.jar:1.11.4]
	at org.junit.platform.engine.support.hierarchical.NodeTestTask.prepare(NodeTestTask.java:128) ~[junit-platform-engine-1.11.4.jar:1.11.4]
	at org.junit.platform.engine.support.hierarchical.NodeTestTask.execute(NodeTestTask.java:95) ~[junit-platform-engine-1.11.4.jar:1.11.4]
	at java.base/java.util.ArrayList.forEach(ArrayList.java:1597) ~[na:na]
	at org.junit.platform.engine.support.hierarchical.SameThreadHierarchicalTestExecutorService.invokeAll(SameThreadHierarchicalTestExecutorService.java:41) ~[junit-platform-engine-1.11.4.jar:1.11.4]
	at org.junit.platform.engine.support.hierarchical.NodeTestTask.lambda$executeRecursively$6(NodeTestTask.java:160) ~[junit-platform-engine-1.11.4.jar:1.11.4]
	at org.junit.platform.engine.support.hierarchical.ThrowableCollector.execute(ThrowableCollector.java:73) ~[junit-platform-engine-1.11.4.jar:1.11.4]
	at org.junit.platform.engine.support.hierarchical.NodeTestTask.lambda$executeRecursively$8(NodeTestTask.java:146) ~[junit-platform-engine-1.11.4.jar:1.11.4]
	at org.junit.platform.engine.support.hierarchical.Node.around(Node.java:137) ~[junit-platform-engine-1.11.4.jar:1.11.4]
	at org.junit.platform.engine.support.hierarchical.NodeTestTask.lambda$executeRecursively$9(NodeTestTask.java:144) ~[junit-platform-engine-1.11.4.jar:1.11.4]
	at org.junit.platform.engine.support.hierarchical.ThrowableCollector.execute(ThrowableCollector.java:73) ~[junit-platform-engine-1.11.4.jar:1.11.4]
	at org.junit.platform.engine.support.hierarchical.NodeTestTask.executeRecursively(NodeTestTask.java:143) ~[junit-platform-engine-1.11.4.jar:1.11.4]
	at org.junit.platform.engine.support.hierarchical.NodeTestTask.execute(NodeTestTask.java:100) ~[junit-platform-engine-1.11.4.jar:1.11.4]
	at java.base/java.util.ArrayList.forEach(ArrayList.java:1597) ~[na:na]
	at org.junit.platform.engine.support.hierarchical.SameThreadHierarchicalTestExecutorService.invokeAll(SameThreadHierarchicalTestExecutorService.java:41) ~[junit-platform-engine-1.11.4.jar:1.11.4]
	at org.junit.platform.engine.support.hierarchical.NodeTestTask.lambda$executeRecursively$6(NodeTestTask.java:160) ~[junit-platform-engine-1.11.4.jar:1.11.4]
	at org.junit.platform.engine.support.hierarchical.ThrowableCollector.execute(ThrowableCollector.java:73) ~[junit-platform-engine-1.11.4.jar:1.11.4]
	at org.junit.platform.engine.support.hierarchical.NodeTestTask.lambda$executeRecursively$8(NodeTestTask.java:146) ~[junit-platform-engine-1.11.4.jar:1.11.4]
	at org.junit.platform.engine.support.hierarchical.Node.around(Node.java:137) ~[junit-platform-engine-1.11.4.jar:1.11.4]
	at org.junit.platform.engine.support.hierarchical.NodeTestTask.lambda$executeRecursively$9(NodeTestTask.java:144) ~[junit-platform-engine-1.11.4.jar:1.11.4]
	at org.junit.platform.engine.support.hierarchical.ThrowableCollector.execute(ThrowableCollector.java:73) ~[junit-platform-engine-1.11.4.jar:1.11.4]
	at org.junit.platform.engine.support.hierarchical.NodeTestTask.executeRecursively(NodeTestTask.java:143) ~[junit-platform-engine-1.11.4.jar:1.11.4]
	at org.junit.platform.engine.support.hierarchical.NodeTestTask.execute(NodeTestTask.java:100) ~[junit-platform-engine-1.11.4.jar:1.11.4]
	at org.junit.platform.engine.support.hierarchical.SameThreadHierarchicalTestExecutorService.submit(SameThreadHierarchicalTestExecutorService.java:35) ~[junit-platform-engine-1.11.4.jar:1.11.4]
	at org.junit.platform.engine.support.hierarchical.HierarchicalTestExecutor.execute(HierarchicalTestExecutor.java:57) ~[junit-platform-engine-1.11.4.jar:1.11.4]
	at org.junit.platform.engine.support.hierarchical.HierarchicalTestEngine.execute(HierarchicalTestEngine.java:54) ~[junit-platform-engine-1.11.4.jar:1.11.4]
	at org.junit.platform.launcher.core.EngineExecutionOrchestrator.execute(EngineExecutionOrchestrator.java:198) ~[junit-platform-launcher-1.11.4.jar:1.11.4]
	at org.junit.platform.launcher.core.EngineExecutionOrchestrator.execute(EngineExecutionOrchestrator.java:169) ~[junit-platform-launcher-1.11.4.jar:1.11.4]
	at org.junit.platform.launcher.core.EngineExecutionOrchestrator.execute(EngineExecutionOrchestrator.java:93) ~[junit-platform-launcher-1.11.4.jar:1.11.4]
	at org.junit.platform.launcher.core.EngineExecutionOrchestrator.lambda$execute$0(EngineExecutionOrchestrator.java:58) ~[junit-platform-launcher-1.11.4.jar:1.11.4]
	at org.junit.platform.launcher.core.EngineExecutionOrchestrator.withInterceptedStreams(EngineExecutionOrchestrator.java:141) ~[junit-platform-launcher-1.11.4.jar:1.11.4]
	at org.junit.platform.launcher.core.EngineExecutionOrchestrator.execute(EngineExecutionOrchestrator.java:57) ~[junit-platform-launcher-1.11.4.jar:1.11.4]
	at org.junit.platform.launcher.core.DefaultLauncher.execute(DefaultLauncher.java:103) ~[junit-platform-launcher-1.11.4.jar:1.11.4]
	at org.junit.platform.launcher.core.DefaultLauncher.execute(DefaultLauncher.java:85) ~[junit-platform-launcher-1.11.4.jar:1.11.4]
	at org.junit.platform.launcher.core.DelegatingLauncher.execute(DelegatingLauncher.java:47) ~[junit-platform-launcher-1.11.4.jar:1.11.4]
	at org.apache.maven.surefire.junitplatform.LazyLauncher.execute(LazyLauncher.java:56) ~[surefire-junit-platform-3.5.2.jar:3.5.2]
	at org.apache.maven.surefire.junitplatform.JUnitPlatformProvider.execute(JUnitPlatformProvider.java:184) ~[surefire-junit-platform-3.5.2.jar:3.5.2]
	at org.apache.maven.surefire.junitplatform.JUnitPlatformProvider.invokeAllTests(JUnitPlatformProvider.java:148) ~[surefire-junit-platform-3.5.2.jar:3.5.2]
	at org.apache.maven.surefire.junitplatform.JUnitPlatformProvider.invoke(JUnitPlatformProvider.java:122) ~[surefire-junit-platform-3.5.2.jar:3.5.2]
	at org.apache.maven.surefire.booter.ForkedBooter.runSuitesInProcess(ForkedBooter.java:385) ~[surefire-booter-3.5.2.jar:3.5.2]
	at org.apache.maven.surefire.booter.ForkedBooter.execute(ForkedBooter.java:162) ~[surefire-booter-3.5.2.jar:3.5.2]
	at org.apache.maven.surefire.booter.ForkedBooter.run(ForkedBooter.java:507) ~[surefire-booter-3.5.2.jar:3.5.2]
	at org.apache.maven.surefire.booter.ForkedBooter.main(ForkedBooter.java:495) ~[surefire-booter-3.5.2.jar:3.5.2]
Caused by: com.mysql.cj.jdbc.exceptions.MysqlDataTruncation: Data truncation: Data too long for column 'authors' at row 285
	at com.mysql.cj.jdbc.exceptions.SQLExceptionsMapping.translateException(SQLExceptionsMapping.java:96) ~[mysql-connector-j-9.1.0.jar:9.1.0]
	at com.mysql.cj.jdbc.StatementImpl.executeInternal(StatementImpl.java:837) ~[mysql-connector-j-9.1.0.jar:9.1.0]
	at com.mysql.cj.jdbc.StatementImpl.execute(StatementImpl.java:685) ~[mysql-connector-j-9.1.0.jar:9.1.0]
	at com.zaxxer.hikari.pool.ProxyStatement.execute(ProxyStatement.java:94) ~[HikariCP-5.1.0.jar:na]
	at com.zaxxer.hikari.pool.HikariProxyStatement.execute(HikariProxyStatement.java) ~[HikariCP-5.1.0.jar:na]
	at org.hibernate.tool.schema.internal.exec.GenerationTargetToDatabase.accept(GenerationTargetToDatabase.java:80) ~[hibernate-core-6.6.5.Final.jar:6.6.5.Final]
	... 117 common frames omitted

2025-02-20T22:57:21.008+08:00  WARN 99541 --- [cnki_java] [           main] o.h.t.s.i.ExceptionHandlerLoggedImpl     : GenerationTarget encountered exception accepting command : Error executing DDL "alter table search_history modify column user_id bigint not null" via JDBC [Referencing column 'user_id' and referenced column 'id' in foreign key constraint 'search_history_ibfk_1' are incompatible.]

org.hibernate.tool.schema.spi.CommandAcceptanceException: Error executing DDL "alter table search_history modify column user_id bigint not null" via JDBC [Referencing column 'user_id' and referenced column 'id' in foreign key constraint 'search_history_ibfk_1' are incompatible.]
	at org.hibernate.tool.schema.internal.exec.GenerationTargetToDatabase.accept(GenerationTargetToDatabase.java:94) ~[hibernate-core-6.6.5.Final.jar:6.6.5.Final]
	at org.hibernate.tool.schema.internal.AbstractSchemaMigrator.applySqlString(AbstractSchemaMigrator.java:576) ~[hibernate-core-6.6.5.Final.jar:6.6.5.Final]
	at org.hibernate.tool.schema.internal.AbstractSchemaMigrator.applySqlStrings(AbstractSchemaMigrator.java:516) ~[hibernate-core-6.6.5.Final.jar:6.6.5.Final]
	at org.hibernate.tool.schema.internal.AbstractSchemaMigrator.migrateTable(AbstractSchemaMigrator.java:334) ~[hibernate-core-6.6.5.Final.jar:6.6.5.Final]
	at org.hibernate.tool.schema.internal.GroupedSchemaMigratorImpl.performTablesMigration(GroupedSchemaMigratorImpl.java:84) ~[hibernate-core-6.6.5.Final.jar:6.6.5.Final]
	at org.hibernate.tool.schema.internal.AbstractSchemaMigrator.performMigration(AbstractSchemaMigrator.java:233) ~[hibernate-core-6.6.5.Final.jar:6.6.5.Final]
	at org.hibernate.tool.schema.internal.AbstractSchemaMigrator.doMigration(AbstractSchemaMigrator.java:112) ~[hibernate-core-6.6.5.Final.jar:6.6.5.Final]
	at org.hibernate.tool.schema.spi.SchemaManagementToolCoordinator.performDatabaseAction(SchemaManagementToolCoordinator.java:280) ~[hibernate-core-6.6.5.Final.jar:6.6.5.Final]
	at org.hibernate.tool.schema.spi.SchemaManagementToolCoordinator.lambda$process$5(SchemaManagementToolCoordinator.java:144) ~[hibernate-core-6.6.5.Final.jar:6.6.5.Final]
	at java.base/java.util.HashMap.forEach(HashMap.java:1430) ~[na:na]
	at org.hibernate.tool.schema.spi.SchemaManagementToolCoordinator.process(SchemaManagementToolCoordinator.java:141) ~[hibernate-core-6.6.5.Final.jar:6.6.5.Final]
	at org.hibernate.boot.internal.SessionFactoryObserverForSchemaExport.sessionFactoryCreated(SessionFactoryObserverForSchemaExport.java:37) ~[hibernate-core-6.6.5.Final.jar:6.6.5.Final]
	at org.hibernate.internal.SessionFactoryObserverChain.sessionFactoryCreated(SessionFactoryObserverChain.java:35) ~[hibernate-core-6.6.5.Final.jar:6.6.5.Final]
	at org.hibernate.internal.SessionFactoryImpl.<init>(SessionFactoryImpl.java:324) ~[hibernate-core-6.6.5.Final.jar:6.6.5.Final]
	at org.hibernate.boot.internal.SessionFactoryBuilderImpl.build(SessionFactoryBuilderImpl.java:463) ~[hibernate-core-6.6.5.Final.jar:6.6.5.Final]
	at org.hibernate.jpa.boot.internal.EntityManagerFactoryBuilderImpl.build(EntityManagerFactoryBuilderImpl.java:1506) ~[hibernate-core-6.6.5.Final.jar:6.6.5.Final]
	at org.springframework.orm.jpa.vendor.SpringHibernateJpaPersistenceProvider.createContainerEntityManagerFactory(SpringHibernateJpaPersistenceProvider.java:66) ~[spring-orm-6.2.2.jar:6.2.2]
	at org.springframework.orm.jpa.LocalContainerEntityManagerFactoryBean.createNativeEntityManagerFactory(LocalContainerEntityManagerFactoryBean.java:390) ~[spring-orm-6.2.2.jar:6.2.2]
	at org.springframework.orm.jpa.AbstractEntityManagerFactoryBean.buildNativeEntityManagerFactory(AbstractEntityManagerFactoryBean.java:419) ~[spring-orm-6.2.2.jar:6.2.2]
	at org.springframework.orm.jpa.AbstractEntityManagerFactoryBean.afterPropertiesSet(AbstractEntityManagerFactoryBean.java:400) ~[spring-orm-6.2.2.jar:6.2.2]
	at org.springframework.orm.jpa.LocalContainerEntityManagerFactoryBean.afterPropertiesSet(LocalContainerEntityManagerFactoryBean.java:366) ~[spring-orm-6.2.2.jar:6.2.2]
	at org.springframework.beans.factory.support.AbstractAutowireCapableBeanFactory.invokeInitMethods(AbstractAutowireCapableBeanFactory.java:1859) ~[spring-beans-6.2.2.jar:6.2.2]
	at org.springframework.beans.factory.support.AbstractAutowireCapableBeanFactory.initializeBean(AbstractAutowireCapableBeanFactory.java:1808) ~[spring-beans-6.2.2.jar:6.2.2]
	at org.springframework.beans.factory.support.AbstractAutowireCapableBeanFactory.doCreateBean(AbstractAutowireCapableBeanFactory.java:601) ~[spring-beans-6.2.2.jar:6.2.2]
	at org.springframework.beans.factory.support.AbstractAutowireCapableBeanFactory.createBean(AbstractAutowireCapableBeanFactory.java:523) ~[spring-beans-6.2.2.jar:6.2.2]
	at org.springframework.beans.factory.support.AbstractBeanFactory.lambda$doGetBean$0(AbstractBeanFactory.java:336) ~[spring-beans-6.2.2.jar:6.2.2]
	at org.springframework.beans.factory.support.DefaultSingletonBeanRegistry.getSingleton(DefaultSingletonBeanRegistry.java:307) ~[spring-beans-6.2.2.jar:6.2.2]
	at org.springframework.beans.factory.support.AbstractBeanFactory.doGetBean(AbstractBeanFactory.java:334) ~[spring-beans-6.2.2.jar:6.2.2]
	at org.springframework.beans.factory.support.AbstractBeanFactory.getBean(AbstractBeanFactory.java:204) ~[spring-beans-6.2.2.jar:6.2.2]
	at org.springframework.context.support.AbstractApplicationContext.finishBeanFactoryInitialization(AbstractApplicationContext.java:970) ~[spring-context-6.2.2.jar:6.2.2]
	at org.springframework.context.support.AbstractApplicationContext.refresh(AbstractApplicationContext.java:627) ~[spring-context-6.2.2.jar:6.2.2]
	at org.springframework.boot.SpringApplication.refresh(SpringApplication.java:752) ~[spring-boot-3.4.2.jar:3.4.2]
	at org.springframework.boot.SpringApplication.refreshContext(SpringApplication.java:439) ~[spring-boot-3.4.2.jar:3.4.2]
	at org.springframework.boot.SpringApplication.run(SpringApplication.java:318) ~[spring-boot-3.4.2.jar:3.4.2]
	at org.springframework.boot.test.context.SpringBootContextLoader.lambda$loadContext$3(SpringBootContextLoader.java:137) ~[spring-boot-test-3.4.2.jar:3.4.2]
	at org.springframework.util.function.ThrowingSupplier.get(ThrowingSupplier.java:58) ~[spring-core-6.2.2.jar:6.2.2]
	at org.springframework.util.function.ThrowingSupplier.get(ThrowingSupplier.java:46) ~[spring-core-6.2.2.jar:6.2.2]
	at org.springframework.boot.SpringApplication.withHook(SpringApplication.java:1461) ~[spring-boot-3.4.2.jar:3.4.2]
	at org.springframework.boot.test.context.SpringBootContextLoader$ContextLoaderHook.run(SpringBootContextLoader.java:553) ~[spring-boot-test-3.4.2.jar:3.4.2]
	at org.springframework.boot.test.context.SpringBootContextLoader.loadContext(SpringBootContextLoader.java:137) ~[spring-boot-test-3.4.2.jar:3.4.2]
	at org.springframework.boot.test.context.SpringBootContextLoader.loadContext(SpringBootContextLoader.java:108) ~[spring-boot-test-3.4.2.jar:3.4.2]
	at org.springframework.test.context.cache.DefaultCacheAwareContextLoaderDelegate.loadContextInternal(DefaultCacheAwareContextLoaderDelegate.java:225) ~[spring-test-6.2.2.jar:6.2.2]
	at org.springframework.test.context.cache.DefaultCacheAwareContextLoaderDelegate.loadContext(DefaultCacheAwareContextLoaderDelegate.java:152) ~[spring-test-6.2.2.jar:6.2.2]
	at org.springframework.test.context.support.DefaultTestContext.getApplicationContext(DefaultTestContext.java:130) ~[spring-test-6.2.2.jar:6.2.2]
	at org.springframework.test.context.web.ServletTestExecutionListener.setUpRequestContextIfNecessary(ServletTestExecutionListener.java:191) ~[spring-test-6.2.2.jar:6.2.2]
	at org.springframework.test.context.web.ServletTestExecutionListener.prepareTestInstance(ServletTestExecutionListener.java:130) ~[spring-test-6.2.2.jar:6.2.2]
	at org.springframework.test.context.TestContextManager.prepareTestInstance(TestContextManager.java:260) ~[spring-test-6.2.2.jar:6.2.2]
	at org.springframework.test.context.junit.jupiter.SpringExtension.postProcessTestInstance(SpringExtension.java:160) ~[spring-test-6.2.2.jar:6.2.2]
	at org.junit.jupiter.engine.descriptor.ClassBasedTestDescriptor.lambda$invokeTestInstancePostProcessors$11(ClassBasedTestDescriptor.java:378) ~[junit-jupiter-engine-5.11.4.jar:5.11.4]
	at org.junit.jupiter.engine.descriptor.ClassBasedTestDescriptor.executeAndMaskThrowable(ClassBasedTestDescriptor.java:383) ~[junit-jupiter-engine-5.11.4.jar:5.11.4]
	at org.junit.jupiter.engine.descriptor.ClassBasedTestDescriptor.lambda$invokeTestInstancePostProcessors$12(ClassBasedTestDescriptor.java:378) ~[junit-jupiter-engine-5.11.4.jar:5.11.4]
	at java.base/java.util.stream.ForEachOps$ForEachOp$OfRef.accept(ForEachOps.java:184) ~[na:na]
	at java.base/java.util.stream.ReferencePipeline$3$1.accept(ReferencePipeline.java:215) ~[na:na]
	at java.base/java.util.stream.ReferencePipeline$2$1.accept(ReferencePipeline.java:197) ~[na:na]
	at java.base/java.util.stream.ReferencePipeline$3$1.accept(ReferencePipeline.java:215) ~[na:na]
	at java.base/java.util.ArrayList$ArrayListSpliterator.forEachRemaining(ArrayList.java:1709) ~[na:na]
	at java.base/java.util.stream.AbstractPipeline.copyInto(AbstractPipeline.java:570) ~[na:na]
	at java.base/java.util.stream.AbstractPipeline.wrapAndCopyInto(AbstractPipeline.java:560) ~[na:na]
	at java.base/java.util.stream.ForEachOps$ForEachOp.evaluateSequential(ForEachOps.java:151) ~[na:na]
	at java.base/java.util.stream.ForEachOps$ForEachOp$OfRef.evaluateSequential(ForEachOps.java:174) ~[na:na]
	at java.base/java.util.stream.AbstractPipeline.evaluate(AbstractPipeline.java:265) ~[na:na]
	at java.base/java.util.stream.ReferencePipeline.forEach(ReferencePipeline.java:636) ~[na:na]
	at org.junit.jupiter.engine.descriptor.ClassBasedTestDescriptor.invokeTestInstancePostProcessors(ClassBasedTestDescriptor.java:377) ~[junit-jupiter-engine-5.11.4.jar:5.11.4]
	at org.junit.jupiter.engine.descriptor.ClassBasedTestDescriptor.lambda$instantiateAndPostProcessTestInstance$7(ClassBasedTestDescriptor.java:290) ~[junit-jupiter-engine-5.11.4.jar:5.11.4]
	at org.junit.platform.engine.support.hierarchical.ThrowableCollector.execute(ThrowableCollector.java:73) ~[junit-platform-engine-1.11.4.jar:1.11.4]
	at org.junit.jupiter.engine.descriptor.ClassBasedTestDescriptor.instantiateAndPostProcessTestInstance(ClassBasedTestDescriptor.java:289) ~[junit-jupiter-engine-5.11.4.jar:5.11.4]
	at org.junit.jupiter.engine.descriptor.ClassBasedTestDescriptor.lambda$testInstancesProvider$5(ClassBasedTestDescriptor.java:279) ~[junit-jupiter-engine-5.11.4.jar:5.11.4]
	at java.base/java.util.Optional.orElseGet(Optional.java:364) ~[na:na]
	at org.junit.jupiter.engine.descriptor.ClassBasedTestDescriptor.lambda$testInstancesProvider$6(ClassBasedTestDescriptor.java:278) ~[junit-jupiter-engine-5.11.4.jar:5.11.4]
	at org.junit.jupiter.engine.execution.TestInstancesProvider.getTestInstances(TestInstancesProvider.java:31) ~[junit-jupiter-engine-5.11.4.jar:5.11.4]
	at org.junit.jupiter.engine.descriptor.TestMethodTestDescriptor.lambda$prepare$1(TestMethodTestDescriptor.java:105) ~[junit-jupiter-engine-5.11.4.jar:5.11.4]
	at org.junit.platform.engine.support.hierarchical.ThrowableCollector.execute(ThrowableCollector.java:73) ~[junit-platform-engine-1.11.4.jar:1.11.4]
	at org.junit.jupiter.engine.descriptor.TestMethodTestDescriptor.prepare(TestMethodTestDescriptor.java:104) ~[junit-jupiter-engine-5.11.4.jar:5.11.4]
	at org.junit.jupiter.engine.descriptor.TestMethodTestDescriptor.prepare(TestMethodTestDescriptor.java:68) ~[junit-jupiter-engine-5.11.4.jar:5.11.4]
	at org.junit.platform.engine.support.hierarchical.NodeTestTask.lambda$prepare$2(NodeTestTask.java:128) ~[junit-platform-engine-1.11.4.jar:1.11.4]
	at org.junit.platform.engine.support.hierarchical.ThrowableCollector.execute(ThrowableCollector.java:73) ~[junit-platform-engine-1.11.4.jar:1.11.4]
	at org.junit.platform.engine.support.hierarchical.NodeTestTask.prepare(NodeTestTask.java:128) ~[junit-platform-engine-1.11.4.jar:1.11.4]
	at org.junit.platform.engine.support.hierarchical.NodeTestTask.execute(NodeTestTask.java:95) ~[junit-platform-engine-1.11.4.jar:1.11.4]
	at java.base/java.util.ArrayList.forEach(ArrayList.java:1597) ~[na:na]
	at org.junit.platform.engine.support.hierarchical.SameThreadHierarchicalTestExecutorService.invokeAll(SameThreadHierarchicalTestExecutorService.java:41) ~[junit-platform-engine-1.11.4.jar:1.11.4]
	at org.junit.platform.engine.support.hierarchical.NodeTestTask.lambda$executeRecursively$6(NodeTestTask.java:160) ~[junit-platform-engine-1.11.4.jar:1.11.4]
	at org.junit.platform.engine.support.hierarchical.ThrowableCollector.execute(ThrowableCollector.java:73) ~[junit-platform-engine-1.11.4.jar:1.11.4]
	at org.junit.platform.engine.support.hierarchical.NodeTestTask.lambda$executeRecursively$8(NodeTestTask.java:146) ~[junit-platform-engine-1.11.4.jar:1.11.4]
	at org.junit.platform.engine.support.hierarchical.Node.around(Node.java:137) ~[junit-platform-engine-1.11.4.jar:1.11.4]
	at org.junit.platform.engine.support.hierarchical.NodeTestTask.lambda$executeRecursively$9(NodeTestTask.java:144) ~[junit-platform-engine-1.11.4.jar:1.11.4]
	at org.junit.platform.engine.support.hierarchical.ThrowableCollector.execute(ThrowableCollector.java:73) ~[junit-platform-engine-1.11.4.jar:1.11.4]
	at org.junit.platform.engine.support.hierarchical.NodeTestTask.executeRecursively(NodeTestTask.java:143) ~[junit-platform-engine-1.11.4.jar:1.11.4]
	at org.junit.platform.engine.support.hierarchical.NodeTestTask.execute(NodeTestTask.java:100) ~[junit-platform-engine-1.11.4.jar:1.11.4]
	at java.base/java.util.ArrayList.forEach(ArrayList.java:1597) ~[na:na]
	at org.junit.platform.engine.support.hierarchical.SameThreadHierarchicalTestExecutorService.invokeAll(SameThreadHierarchicalTestExecutorService.java:41) ~[junit-platform-engine-1.11.4.jar:1.11.4]
	at org.junit.platform.engine.support.hierarchical.NodeTestTask.lambda$executeRecursively$6(NodeTestTask.java:160) ~[junit-platform-engine-1.11.4.jar:1.11.4]
	at org.junit.platform.engine.support.hierarchical.ThrowableCollector.execute(ThrowableCollector.java:73) ~[junit-platform-engine-1.11.4.jar:1.11.4]
	at org.junit.platform.engine.support.hierarchical.NodeTestTask.lambda$executeRecursively$8(NodeTestTask.java:146) ~[junit-platform-engine-1.11.4.jar:1.11.4]
	at org.junit.platform.engine.support.hierarchical.Node.around(Node.java:137) ~[junit-platform-engine-1.11.4.jar:1.11.4]
	at org.junit.platform.engine.support.hierarchical.NodeTestTask.lambda$executeRecursively$9(NodeTestTask.java:144) ~[junit-platform-engine-1.11.4.jar:1.11.4]
	at org.junit.platform.engine.support.hierarchical.ThrowableCollector.execute(ThrowableCollector.java:73) ~[junit-platform-engine-1.11.4.jar:1.11.4]
	at org.junit.platform.engine.support.hierarchical.NodeTestTask.executeRecursively(NodeTestTask.java:143) ~[junit-platform-engine-1.11.4.jar:1.11.4]
	at org.junit.platform.engine.support.hierarchical.NodeTestTask.execute(NodeTestTask.java:100) ~[junit-platform-engine-1.11.4.jar:1.11.4]
	at org.junit.platform.engine.support.hierarchical.SameThreadHierarchicalTestExecutorService.submit(SameThreadHierarchicalTestExecutorService.java:35) ~[junit-platform-engine-1.11.4.jar:1.11.4]
	at org.junit.platform.engine.support.hierarchical.HierarchicalTestExecutor.execute(HierarchicalTestExecutor.java:57) ~[junit-platform-engine-1.11.4.jar:1.11.4]
	at org.junit.platform.engine.support.hierarchical.HierarchicalTestEngine.execute(HierarchicalTestEngine.java:54) ~[junit-platform-engine-1.11.4.jar:1.11.4]
	at org.junit.platform.launcher.core.EngineExecutionOrchestrator.execute(EngineExecutionOrchestrator.java:198) ~[junit-platform-launcher-1.11.4.jar:1.11.4]
	at org.junit.platform.launcher.core.EngineExecutionOrchestrator.execute(EngineExecutionOrchestrator.java:169) ~[junit-platform-launcher-1.11.4.jar:1.11.4]
	at org.junit.platform.launcher.core.EngineExecutionOrchestrator.execute(EngineExecutionOrchestrator.java:93) ~[junit-platform-launcher-1.11.4.jar:1.11.4]
	at org.junit.platform.launcher.core.EngineExecutionOrchestrator.lambda$execute$0(EngineExecutionOrchestrator.java:58) ~[junit-platform-launcher-1.11.4.jar:1.11.4]
	at org.junit.platform.launcher.core.EngineExecutionOrchestrator.withInterceptedStreams(EngineExecutionOrchestrator.java:141) ~[junit-platform-launcher-1.11.4.jar:1.11.4]
	at org.junit.platform.launcher.core.EngineExecutionOrchestrator.execute(EngineExecutionOrchestrator.java:57) ~[junit-platform-launcher-1.11.4.jar:1.11.4]
	at org.junit.platform.launcher.core.DefaultLauncher.execute(DefaultLauncher.java:103) ~[junit-platform-launcher-1.11.4.jar:1.11.4]
	at org.junit.platform.launcher.core.DefaultLauncher.execute(DefaultLauncher.java:85) ~[junit-platform-launcher-1.11.4.jar:1.11.4]
	at org.junit.platform.launcher.core.DelegatingLauncher.execute(DelegatingLauncher.java:47) ~[junit-platform-launcher-1.11.4.jar:1.11.4]
	at org.apache.maven.surefire.junitplatform.LazyLauncher.execute(LazyLauncher.java:56) ~[surefire-junit-platform-3.5.2.jar:3.5.2]
	at org.apache.maven.surefire.junitplatform.JUnitPlatformProvider.execute(JUnitPlatformProvider.java:184) ~[surefire-junit-platform-3.5.2.jar:3.5.2]
	at org.apache.maven.surefire.junitplatform.JUnitPlatformProvider.invokeAllTests(JUnitPlatformProvider.java:148) ~[surefire-junit-platform-3.5.2.jar:3.5.2]
	at org.apache.maven.surefire.junitplatform.JUnitPlatformProvider.invoke(JUnitPlatformProvider.java:122) ~[surefire-junit-platform-3.5.2.jar:3.5.2]
	at org.apache.maven.surefire.booter.ForkedBooter.runSuitesInProcess(ForkedBooter.java:385) ~[surefire-booter-3.5.2.jar:3.5.2]
	at org.apache.maven.surefire.booter.ForkedBooter.execute(ForkedBooter.java:162) ~[surefire-booter-3.5.2.jar:3.5.2]
	at org.apache.maven.surefire.booter.ForkedBooter.run(ForkedBooter.java:507) ~[surefire-booter-3.5.2.jar:3.5.2]
	at org.apache.maven.surefire.booter.ForkedBooter.main(ForkedBooter.java:495) ~[surefire-booter-3.5.2.jar:3.5.2]
Caused by: java.sql.SQLException: Referencing column 'user_id' and referenced column 'id' in foreign key constraint 'search_history_ibfk_1' are incompatible.
	at com.mysql.cj.jdbc.exceptions.SQLError.createSQLException(SQLError.java:121) ~[mysql-connector-j-9.1.0.jar:9.1.0]
	at com.mysql.cj.jdbc.exceptions.SQLExceptionsMapping.translateException(SQLExceptionsMapping.java:114) ~[mysql-connector-j-9.1.0.jar:9.1.0]
	at com.mysql.cj.jdbc.StatementImpl.executeInternal(StatementImpl.java:837) ~[mysql-connector-j-9.1.0.jar:9.1.0]
	at com.mysql.cj.jdbc.StatementImpl.execute(StatementImpl.java:685) ~[mysql-connector-j-9.1.0.jar:9.1.0]
	at com.zaxxer.hikari.pool.ProxyStatement.execute(ProxyStatement.java:94) ~[HikariCP-5.1.0.jar:na]
	at com.zaxxer.hikari.pool.HikariProxyStatement.execute(HikariProxyStatement.java) ~[HikariCP-5.1.0.jar:na]
	at org.hibernate.tool.schema.internal.exec.GenerationTargetToDatabase.accept(GenerationTargetToDatabase.java:80) ~[hibernate-core-6.6.5.Final.jar:6.6.5.Final]
	... 117 common frames omitted

2025-02-20T22:57:21.029+08:00  WARN 99541 --- [cnki_java] [           main] o.h.t.s.i.ExceptionHandlerLoggedImpl     : GenerationTarget encountered exception accepting command : Error executing DDL "alter table users modify column id bigint not null auto_increment" via JDBC [Referencing column 'user_id' and referenced column 'id' in foreign key constraint 'search_history_ibfk_1' are incompatible.]

org.hibernate.tool.schema.spi.CommandAcceptanceException: Error executing DDL "alter table users modify column id bigint not null auto_increment" via JDBC [Referencing column 'user_id' and referenced column 'id' in foreign key constraint 'search_history_ibfk_1' are incompatible.]
	at org.hibernate.tool.schema.internal.exec.GenerationTargetToDatabase.accept(GenerationTargetToDatabase.java:94) ~[hibernate-core-6.6.5.Final.jar:6.6.5.Final]
	at org.hibernate.tool.schema.internal.AbstractSchemaMigrator.applySqlString(AbstractSchemaMigrator.java:576) ~[hibernate-core-6.6.5.Final.jar:6.6.5.Final]
	at org.hibernate.tool.schema.internal.AbstractSchemaMigrator.applySqlStrings(AbstractSchemaMigrator.java:516) ~[hibernate-core-6.6.5.Final.jar:6.6.5.Final]
	at org.hibernate.tool.schema.internal.AbstractSchemaMigrator.migrateTable(AbstractSchemaMigrator.java:334) ~[hibernate-core-6.6.5.Final.jar:6.6.5.Final]
	at org.hibernate.tool.schema.internal.GroupedSchemaMigratorImpl.performTablesMigration(GroupedSchemaMigratorImpl.java:84) ~[hibernate-core-6.6.5.Final.jar:6.6.5.Final]
	at org.hibernate.tool.schema.internal.AbstractSchemaMigrator.performMigration(AbstractSchemaMigrator.java:233) ~[hibernate-core-6.6.5.Final.jar:6.6.5.Final]
	at org.hibernate.tool.schema.internal.AbstractSchemaMigrator.doMigration(AbstractSchemaMigrator.java:112) ~[hibernate-core-6.6.5.Final.jar:6.6.5.Final]
	at org.hibernate.tool.schema.spi.SchemaManagementToolCoordinator.performDatabaseAction(SchemaManagementToolCoordinator.java:280) ~[hibernate-core-6.6.5.Final.jar:6.6.5.Final]
	at org.hibernate.tool.schema.spi.SchemaManagementToolCoordinator.lambda$process$5(SchemaManagementToolCoordinator.java:144) ~[hibernate-core-6.6.5.Final.jar:6.6.5.Final]
	at java.base/java.util.HashMap.forEach(HashMap.java:1430) ~[na:na]
	at org.hibernate.tool.schema.spi.SchemaManagementToolCoordinator.process(SchemaManagementToolCoordinator.java:141) ~[hibernate-core-6.6.5.Final.jar:6.6.5.Final]
	at org.hibernate.boot.internal.SessionFactoryObserverForSchemaExport.sessionFactoryCreated(SessionFactoryObserverForSchemaExport.java:37) ~[hibernate-core-6.6.5.Final.jar:6.6.5.Final]
	at org.hibernate.internal.SessionFactoryObserverChain.sessionFactoryCreated(SessionFactoryObserverChain.java:35) ~[hibernate-core-6.6.5.Final.jar:6.6.5.Final]
	at org.hibernate.internal.SessionFactoryImpl.<init>(SessionFactoryImpl.java:324) ~[hibernate-core-6.6.5.Final.jar:6.6.5.Final]
	at org.hibernate.boot.internal.SessionFactoryBuilderImpl.build(SessionFactoryBuilderImpl.java:463) ~[hibernate-core-6.6.5.Final.jar:6.6.5.Final]
	at org.hibernate.jpa.boot.internal.EntityManagerFactoryBuilderImpl.build(EntityManagerFactoryBuilderImpl.java:1506) ~[hibernate-core-6.6.5.Final.jar:6.6.5.Final]
	at org.springframework.orm.jpa.vendor.SpringHibernateJpaPersistenceProvider.createContainerEntityManagerFactory(SpringHibernateJpaPersistenceProvider.java:66) ~[spring-orm-6.2.2.jar:6.2.2]
	at org.springframework.orm.jpa.LocalContainerEntityManagerFactoryBean.createNativeEntityManagerFactory(LocalContainerEntityManagerFactoryBean.java:390) ~[spring-orm-6.2.2.jar:6.2.2]
	at org.springframework.orm.jpa.AbstractEntityManagerFactoryBean.buildNativeEntityManagerFactory(AbstractEntityManagerFactoryBean.java:419) ~[spring-orm-6.2.2.jar:6.2.2]
	at org.springframework.orm.jpa.AbstractEntityManagerFactoryBean.afterPropertiesSet(AbstractEntityManagerFactoryBean.java:400) ~[spring-orm-6.2.2.jar:6.2.2]
	at org.springframework.orm.jpa.LocalContainerEntityManagerFactoryBean.afterPropertiesSet(LocalContainerEntityManagerFactoryBean.java:366) ~[spring-orm-6.2.2.jar:6.2.2]
	at org.springframework.beans.factory.support.AbstractAutowireCapableBeanFactory.invokeInitMethods(AbstractAutowireCapableBeanFactory.java:1859) ~[spring-beans-6.2.2.jar:6.2.2]
	at org.springframework.beans.factory.support.AbstractAutowireCapableBeanFactory.initializeBean(AbstractAutowireCapableBeanFactory.java:1808) ~[spring-beans-6.2.2.jar:6.2.2]
	at org.springframework.beans.factory.support.AbstractAutowireCapableBeanFactory.doCreateBean(AbstractAutowireCapableBeanFactory.java:601) ~[spring-beans-6.2.2.jar:6.2.2]
	at org.springframework.beans.factory.support.AbstractAutowireCapableBeanFactory.createBean(AbstractAutowireCapableBeanFactory.java:523) ~[spring-beans-6.2.2.jar:6.2.2]
	at org.springframework.beans.factory.support.AbstractBeanFactory.lambda$doGetBean$0(AbstractBeanFactory.java:336) ~[spring-beans-6.2.2.jar:6.2.2]
	at org.springframework.beans.factory.support.DefaultSingletonBeanRegistry.getSingleton(DefaultSingletonBeanRegistry.java:307) ~[spring-beans-6.2.2.jar:6.2.2]
	at org.springframework.beans.factory.support.AbstractBeanFactory.doGetBean(AbstractBeanFactory.java:334) ~[spring-beans-6.2.2.jar:6.2.2]
	at org.springframework.beans.factory.support.AbstractBeanFactory.getBean(AbstractBeanFactory.java:204) ~[spring-beans-6.2.2.jar:6.2.2]
	at org.springframework.context.support.AbstractApplicationContext.finishBeanFactoryInitialization(AbstractApplicationContext.java:970) ~[spring-context-6.2.2.jar:6.2.2]
	at org.springframework.context.support.AbstractApplicationContext.refresh(AbstractApplicationContext.java:627) ~[spring-context-6.2.2.jar:6.2.2]
	at org.springframework.boot.SpringApplication.refresh(SpringApplication.java:752) ~[spring-boot-3.4.2.jar:3.4.2]
	at org.springframework.boot.SpringApplication.refreshContext(SpringApplication.java:439) ~[spring-boot-3.4.2.jar:3.4.2]
	at org.springframework.boot.SpringApplication.run(SpringApplication.java:318) ~[spring-boot-3.4.2.jar:3.4.2]
	at org.springframework.boot.test.context.SpringBootContextLoader.lambda$loadContext$3(SpringBootContextLoader.java:137) ~[spring-boot-test-3.4.2.jar:3.4.2]
	at org.springframework.util.function.ThrowingSupplier.get(ThrowingSupplier.java:58) ~[spring-core-6.2.2.jar:6.2.2]
	at org.springframework.util.function.ThrowingSupplier.get(ThrowingSupplier.java:46) ~[spring-core-6.2.2.jar:6.2.2]
	at org.springframework.boot.SpringApplication.withHook(SpringApplication.java:1461) ~[spring-boot-3.4.2.jar:3.4.2]
	at org.springframework.boot.test.context.SpringBootContextLoader$ContextLoaderHook.run(SpringBootContextLoader.java:553) ~[spring-boot-test-3.4.2.jar:3.4.2]
	at org.springframework.boot.test.context.SpringBootContextLoader.loadContext(SpringBootContextLoader.java:137) ~[spring-boot-test-3.4.2.jar:3.4.2]
	at org.springframework.boot.test.context.SpringBootContextLoader.loadContext(SpringBootContextLoader.java:108) ~[spring-boot-test-3.4.2.jar:3.4.2]
	at org.springframework.test.context.cache.DefaultCacheAwareContextLoaderDelegate.loadContextInternal(DefaultCacheAwareContextLoaderDelegate.java:225) ~[spring-test-6.2.2.jar:6.2.2]
	at org.springframework.test.context.cache.DefaultCacheAwareContextLoaderDelegate.loadContext(DefaultCacheAwareContextLoaderDelegate.java:152) ~[spring-test-6.2.2.jar:6.2.2]
	at org.springframework.test.context.support.DefaultTestContext.getApplicationContext(DefaultTestContext.java:130) ~[spring-test-6.2.2.jar:6.2.2]
	at org.springframework.test.context.web.ServletTestExecutionListener.setUpRequestContextIfNecessary(ServletTestExecutionListener.java:191) ~[spring-test-6.2.2.jar:6.2.2]
	at org.springframework.test.context.web.ServletTestExecutionListener.prepareTestInstance(ServletTestExecutionListener.java:130) ~[spring-test-6.2.2.jar:6.2.2]
	at org.springframework.test.context.TestContextManager.prepareTestInstance(TestContextManager.java:260) ~[spring-test-6.2.2.jar:6.2.2]
	at org.springframework.test.context.junit.jupiter.SpringExtension.postProcessTestInstance(SpringExtension.java:160) ~[spring-test-6.2.2.jar:6.2.2]
	at org.junit.jupiter.engine.descriptor.ClassBasedTestDescriptor.lambda$invokeTestInstancePostProcessors$11(ClassBasedTestDescriptor.java:378) ~[junit-jupiter-engine-5.11.4.jar:5.11.4]
	at org.junit.jupiter.engine.descriptor.ClassBasedTestDescriptor.executeAndMaskThrowable(ClassBasedTestDescriptor.java:383) ~[junit-jupiter-engine-5.11.4.jar:5.11.4]
	at org.junit.jupiter.engine.descriptor.ClassBasedTestDescriptor.lambda$invokeTestInstancePostProcessors$12(ClassBasedTestDescriptor.java:378) ~[junit-jupiter-engine-5.11.4.jar:5.11.4]
	at java.base/java.util.stream.ForEachOps$ForEachOp$OfRef.accept(ForEachOps.java:184) ~[na:na]
	at java.base/java.util.stream.ReferencePipeline$3$1.accept(ReferencePipeline.java:215) ~[na:na]
	at java.base/java.util.stream.ReferencePipeline$2$1.accept(ReferencePipeline.java:197) ~[na:na]
	at java.base/java.util.stream.ReferencePipeline$3$1.accept(ReferencePipeline.java:215) ~[na:na]
	at java.base/java.util.ArrayList$ArrayListSpliterator.forEachRemaining(ArrayList.java:1709) ~[na:na]
	at java.base/java.util.stream.AbstractPipeline.copyInto(AbstractPipeline.java:570) ~[na:na]
	at java.base/java.util.stream.AbstractPipeline.wrapAndCopyInto(AbstractPipeline.java:560) ~[na:na]
	at java.base/java.util.stream.ForEachOps$ForEachOp.evaluateSequential(ForEachOps.java:151) ~[na:na]
	at java.base/java.util.stream.ForEachOps$ForEachOp$OfRef.evaluateSequential(ForEachOps.java:174) ~[na:na]
	at java.base/java.util.stream.AbstractPipeline.evaluate(AbstractPipeline.java:265) ~[na:na]
	at java.base/java.util.stream.ReferencePipeline.forEach(ReferencePipeline.java:636) ~[na:na]
	at org.junit.jupiter.engine.descriptor.ClassBasedTestDescriptor.invokeTestInstancePostProcessors(ClassBasedTestDescriptor.java:377) ~[junit-jupiter-engine-5.11.4.jar:5.11.4]
	at org.junit.jupiter.engine.descriptor.ClassBasedTestDescriptor.lambda$instantiateAndPostProcessTestInstance$7(ClassBasedTestDescriptor.java:290) ~[junit-jupiter-engine-5.11.4.jar:5.11.4]
	at org.junit.platform.engine.support.hierarchical.ThrowableCollector.execute(ThrowableCollector.java:73) ~[junit-platform-engine-1.11.4.jar:1.11.4]
	at org.junit.jupiter.engine.descriptor.ClassBasedTestDescriptor.instantiateAndPostProcessTestInstance(ClassBasedTestDescriptor.java:289) ~[junit-jupiter-engine-5.11.4.jar:5.11.4]
	at org.junit.jupiter.engine.descriptor.ClassBasedTestDescriptor.lambda$testInstancesProvider$5(ClassBasedTestDescriptor.java:279) ~[junit-jupiter-engine-5.11.4.jar:5.11.4]
	at java.base/java.util.Optional.orElseGet(Optional.java:364) ~[na:na]
	at org.junit.jupiter.engine.descriptor.ClassBasedTestDescriptor.lambda$testInstancesProvider$6(ClassBasedTestDescriptor.java:278) ~[junit-jupiter-engine-5.11.4.jar:5.11.4]
	at org.junit.jupiter.engine.execution.TestInstancesProvider.getTestInstances(TestInstancesProvider.java:31) ~[junit-jupiter-engine-5.11.4.jar:5.11.4]
	at org.junit.jupiter.engine.descriptor.TestMethodTestDescriptor.lambda$prepare$1(TestMethodTestDescriptor.java:105) ~[junit-jupiter-engine-5.11.4.jar:5.11.4]
	at org.junit.platform.engine.support.hierarchical.ThrowableCollector.execute(ThrowableCollector.java:73) ~[junit-platform-engine-1.11.4.jar:1.11.4]
	at org.junit.jupiter.engine.descriptor.TestMethodTestDescriptor.prepare(TestMethodTestDescriptor.java:104) ~[junit-jupiter-engine-5.11.4.jar:5.11.4]
	at org.junit.jupiter.engine.descriptor.TestMethodTestDescriptor.prepare(TestMethodTestDescriptor.java:68) ~[junit-jupiter-engine-5.11.4.jar:5.11.4]
	at org.junit.platform.engine.support.hierarchical.NodeTestTask.lambda$prepare$2(NodeTestTask.java:128) ~[junit-platform-engine-1.11.4.jar:1.11.4]
	at org.junit.platform.engine.support.hierarchical.ThrowableCollector.execute(ThrowableCollector.java:73) ~[junit-platform-engine-1.11.4.jar:1.11.4]
	at org.junit.platform.engine.support.hierarchical.NodeTestTask.prepare(NodeTestTask.java:128) ~[junit-platform-engine-1.11.4.jar:1.11.4]
	at org.junit.platform.engine.support.hierarchical.NodeTestTask.execute(NodeTestTask.java:95) ~[junit-platform-engine-1.11.4.jar:1.11.4]
	at java.base/java.util.ArrayList.forEach(ArrayList.java:1597) ~[na:na]
	at org.junit.platform.engine.support.hierarchical.SameThreadHierarchicalTestExecutorService.invokeAll(SameThreadHierarchicalTestExecutorService.java:41) ~[junit-platform-engine-1.11.4.jar:1.11.4]
	at org.junit.platform.engine.support.hierarchical.NodeTestTask.lambda$executeRecursively$6(NodeTestTask.java:160) ~[junit-platform-engine-1.11.4.jar:1.11.4]
	at org.junit.platform.engine.support.hierarchical.ThrowableCollector.execute(ThrowableCollector.java:73) ~[junit-platform-engine-1.11.4.jar:1.11.4]
	at org.junit.platform.engine.support.hierarchical.NodeTestTask.lambda$executeRecursively$8(NodeTestTask.java:146) ~[junit-platform-engine-1.11.4.jar:1.11.4]
	at org.junit.platform.engine.support.hierarchical.Node.around(Node.java:137) ~[junit-platform-engine-1.11.4.jar:1.11.4]
	at org.junit.platform.engine.support.hierarchical.NodeTestTask.lambda$executeRecursively$9(NodeTestTask.java:144) ~[junit-platform-engine-1.11.4.jar:1.11.4]
	at org.junit.platform.engine.support.hierarchical.ThrowableCollector.execute(ThrowableCollector.java:73) ~[junit-platform-engine-1.11.4.jar:1.11.4]
	at org.junit.platform.engine.support.hierarchical.NodeTestTask.executeRecursively(NodeTestTask.java:143) ~[junit-platform-engine-1.11.4.jar:1.11.4]
	at org.junit.platform.engine.support.hierarchical.NodeTestTask.execute(NodeTestTask.java:100) ~[junit-platform-engine-1.11.4.jar:1.11.4]
	at java.base/java.util.ArrayList.forEach(ArrayList.java:1597) ~[na:na]
	at org.junit.platform.engine.support.hierarchical.SameThreadHierarchicalTestExecutorService.invokeAll(SameThreadHierarchicalTestExecutorService.java:41) ~[junit-platform-engine-1.11.4.jar:1.11.4]
	at org.junit.platform.engine.support.hierarchical.NodeTestTask.lambda$executeRecursively$6(NodeTestTask.java:160) ~[junit-platform-engine-1.11.4.jar:1.11.4]
	at org.junit.platform.engine.support.hierarchical.ThrowableCollector.execute(ThrowableCollector.java:73) ~[junit-platform-engine-1.11.4.jar:1.11.4]
	at org.junit.platform.engine.support.hierarchical.NodeTestTask.lambda$executeRecursively$8(NodeTestTask.java:146) ~[junit-platform-engine-1.11.4.jar:1.11.4]
	at org.junit.platform.engine.support.hierarchical.Node.around(Node.java:137) ~[junit-platform-engine-1.11.4.jar:1.11.4]
	at org.junit.platform.engine.support.hierarchical.NodeTestTask.lambda$executeRecursively$9(NodeTestTask.java:144) ~[junit-platform-engine-1.11.4.jar:1.11.4]
	at org.junit.platform.engine.support.hierarchical.ThrowableCollector.execute(ThrowableCollector.java:73) ~[junit-platform-engine-1.11.4.jar:1.11.4]
	at org.junit.platform.engine.support.hierarchical.NodeTestTask.executeRecursively(NodeTestTask.java:143) ~[junit-platform-engine-1.11.4.jar:1.11.4]
	at org.junit.platform.engine.support.hierarchical.NodeTestTask.execute(NodeTestTask.java:100) ~[junit-platform-engine-1.11.4.jar:1.11.4]
	at org.junit.platform.engine.support.hierarchical.SameThreadHierarchicalTestExecutorService.submit(SameThreadHierarchicalTestExecutorService.java:35) ~[junit-platform-engine-1.11.4.jar:1.11.4]
	at org.junit.platform.engine.support.hierarchical.HierarchicalTestExecutor.execute(HierarchicalTestExecutor.java:57) ~[junit-platform-engine-1.11.4.jar:1.11.4]
	at org.junit.platform.engine.support.hierarchical.HierarchicalTestEngine.execute(HierarchicalTestEngine.java:54) ~[junit-platform-engine-1.11.4.jar:1.11.4]
	at org.junit.platform.launcher.core.EngineExecutionOrchestrator.execute(EngineExecutionOrchestrator.java:198) ~[junit-platform-launcher-1.11.4.jar:1.11.4]
	at org.junit.platform.launcher.core.EngineExecutionOrchestrator.execute(EngineExecutionOrchestrator.java:169) ~[junit-platform-launcher-1.11.4.jar:1.11.4]
	at org.junit.platform.launcher.core.EngineExecutionOrchestrator.execute(EngineExecutionOrchestrator.java:93) ~[junit-platform-launcher-1.11.4.jar:1.11.4]
	at org.junit.platform.launcher.core.EngineExecutionOrchestrator.lambda$execute$0(EngineExecutionOrchestrator.java:58) ~[junit-platform-launcher-1.11.4.jar:1.11.4]
	at org.junit.platform.launcher.core.EngineExecutionOrchestrator.withInterceptedStreams(EngineExecutionOrchestrator.java:141) ~[junit-platform-launcher-1.11.4.jar:1.11.4]
	at org.junit.platform.launcher.core.EngineExecutionOrchestrator.execute(EngineExecutionOrchestrator.java:57) ~[junit-platform-launcher-1.11.4.jar:1.11.4]
[...]
2025-02-20T22:57:31.583+08:00  INFO 99541 --- [cnki_java] [           main] c.c.www.cnki_java.config.WebMvcConfig    : 发现文件: 1210.4425v1.pdf (大小: 102021 bytes, 可读: true, 是文件: true)
2025-02-20T22:57:31.583+08:00  INFO 99541 --- [cnki_java] [           main] c.c.www.cnki_java.config.WebMvcConfig    : 发现文件: 2406.18603v1.pdf (大小: 9578151 bytes, 可读: true, 是文件: true)
2025-02-20T22:57:31.584+08:00  INFO 99541 --- [cnki_java] [           main] c.c.www.cnki_java.config.WebMvcConfig    : 发现文件: 2003.11790v2.pdf (大小: 7402821 bytes, 可读: true, 是文件: true)
2025-02-20T22:57:31.584+08:00  INFO 99541 --- [cnki_java] [           main] c.c.www.cnki_java.config.WebMvcConfig    : 发现文件: 1503.00425v1.pdf (大小: 1399125 bytes, 可读: true, 是文件: true)
2025-02-20T22:57:31.584+08:00  INFO 99541 --- [cnki_java] [           main] c.c.www.cnki_java.config.WebMvcConfig    : 发现文件: 2206.03278v1.pdf (大小: 767027 bytes, 可读: true, 是文件: true)
2025-02-20T22:57:31.584+08:00  INFO 99541 --- [cnki_java] [           main] c.c.www.cnki_java.config.WebMvcConfig    : 发现文件: 2301.08715v1.pdf (大小: 10375931 bytes, 可读: true, 是文件: true)
2025-02-20T22:57:31.584+08:00  INFO 99541 --- [cnki_java] [           main] c.c.www.cnki_java.config.WebMvcConfig    : 发现文件: 2208.14254v2.pdf (大小: 1299374 bytes, 可读: true, 是文件: true)
2025-02-20T22:57:31.584+08:00  INFO 99541 --- [cnki_java] [           main] c.c.www.cnki_java.config.WebMvcConfig    : 发现文件: 2403.16019v1.pdf (大小: 6459026 bytes, 可读: true, 是文件: true)
2025-02-20T22:57:31.584+08:00  INFO 99541 --- [cnki_java] [           main] c.c.www.cnki_java.config.WebMvcConfig    : 发现文件: 1211.1526v2.pdf (大小: 374524 bytes, 可读: true, 是文件: true)
2025-02-20T22:57:31.584+08:00  INFO 99541 --- [cnki_java] [           main] c.c.www.cnki_java.config.WebMvcConfig    : 发现文件: 2407.12062v2.pdf (大小: 932193 bytes, 可读: true, 是文件: true)
2025-02-20T22:57:31.584+08:00  INFO 99541 --- [cnki_java] [           main] c.c.www.cnki_java.config.WebMvcConfig    : 发现文件: 1812.10712v1.pdf (大小: 888957 bytes, 可读: true, 是文件: true)
2025-02-20T22:57:31.584+08:00  INFO 99541 --- [cnki_java] [           main] c.c.www.cnki_java.config.WebMvcConfig    : 发现文件: 2403.02289v1.pdf (大小: 2123221 bytes, 可读: true, 是文件: true)
2025-02-20T22:57:31.584+08:00  INFO 99541 --- [cnki_java] [           main] c.c.www.cnki_java.config.WebMvcConfig    : 发现文件: 2104.05273v1.pdf (大小: 412387 bytes, 可读: true, 是文件: true)
2025-02-20T22:57:31.584+08:00  INFO 99541 --- [cnki_java] [           main] c.c.www.cnki_java.config.WebMvcConfig    : 发现文件: 0910.3159v1.pdf (大小: 45768 bytes, 可读: true, 是文件: true)
2025-02-20T22:57:31.584+08:00  INFO 99541 --- [cnki_java] [           main] c.c.www.cnki_java.config.WebMvcConfig    : 发现文件: 2411.06741v1.pdf (大小: 3511023 bytes, 可读: true, 是文件: true)
2025-02-20T22:57:31.584+08:00  INFO 99541 --- [cnki_java] [           main] c.c.www.cnki_java.config.WebMvcConfig    : 发现文件: 2108.05558v1.pdf (大小: 7161237 bytes, 可读: true, 是文件: true)
2025-02-20T22:57:31.584+08:00  INFO 99541 --- [cnki_java] [           main] c.c.www.cnki_java.config.WebMvcConfig    : 发现文件: 1805.03058v1.pdf (大小: 1189948 bytes, 可读: true, 是文件: true)
2025-02-20T22:57:31.584+08:00  INFO 99541 --- [cnki_java] [           main] c.c.www.cnki_java.config.WebMvcConfig    : 发现文件: 1910.05948v3.pdf (大小: 2145413 bytes, 可读: true, 是文件: true)
2025-02-20T22:57:31.584+08:00  INFO 99541 --- [cnki_java] [           main] c.c.www.cnki_java.config.WebMvcConfig    : 发现文件: 2501.02296v1.pdf (大小: 2755383 bytes, 可读: true, 是文件: true)
2025-02-20T22:57:31.584+08:00  INFO 99541 --- [cnki_java] [           main] c.c.www.cnki_java.config.WebMvcConfig    : 发现文件: 2409.12376v1.pdf (大小: 287128 bytes, 可读: true, 是文件: true)
2025-02-20T22:57:31.584+08:00  INFO 99541 --- [cnki_java] [           main] c.c.www.cnki_java.config.WebMvcConfig    : 发现文件: 2402.18202v1.pdf (大小: 441498 bytes, 可读: true, 是文件: true)
2025-02-20T22:57:31.584+08:00  INFO 99541 --- [cnki_java] [           main] c.c.www.cnki_java.config.WebMvcConfig    : 发现文件: 1706.00608v1.pdf (大小: 565912 bytes, 可读: true, 是文件: true)
2025-02-20T22:57:31.584+08:00  INFO 99541 --- [cnki_java] [           main] c.c.www.cnki_java.config.WebMvcConfig    : 发现文件: 2211.04954v2.pdf (大小: 1349218 bytes, 可读: true, 是文件: true)
2025-02-20T22:57:31.584+08:00  INFO 99541 --- [cnki_java] [           main] c.c.www.cnki_java.config.WebMvcConfig    : 发现文件: 1808.04150v1.pdf (大小: 272487 bytes, 可读: true, 是文件: true)
2025-02-20T22:57:31.584+08:00  INFO 99541 --- [cnki_java] [           main] c.c.www.cnki_java.config.WebMvcConfig    : 发现文件: 2209.13219v1.pdf (大小: 15530735 bytes, 可读: true, 是文件: true)
2025-02-20T22:57:31.584+08:00  INFO 99541 --- [cnki_java] [           main] c.c.www.cnki_java.config.WebMvcConfig    : 发现文件: 2309.00414v3.pdf (大小: 4903190 bytes, 可读: true, 是文件: true)
2025-02-20T22:57:31.584+08:00  INFO 99541 --- [cnki_java] [           main] c.c.www.cnki_java.config.WebMvcConfig    : 发现文件: 1806.10011v1.pdf (大小: 1271820 bytes, 可读: true, 是文件: true)
2025-02-20T22:57:31.584+08:00  INFO 99541 --- [cnki_java] [           main] c.c.www.cnki_java.config.WebMvcConfig    : 发现文件: 1808.08666v3.pdf (大小: 249066 bytes, 可读: true, 是文件: true)
2025-02-20T22:57:31.584+08:00  INFO 99541 --- [cnki_java] [           main] c.c.www.cnki_java.config.WebMvcConfig    : 发现文件: 2401.04046v1.pdf (大小: 972394 bytes, 可读: true, 是文件: true)
2025-02-20T22:57:31.584+08:00  INFO 99541 --- [cnki_java] [           main] c.c.www.cnki_java.config.WebMvcConfig    : 发现文件: 1911.00392v1.pdf (大小: 2682713 bytes, 可读: true, 是文件: true)
2025-02-20T22:57:31.584+08:00  INFO 99541 --- [cnki_java] [           main] c.c.www.cnki_java.config.WebMvcConfig    : 发现文件: 1611.01492v1.pdf (大小: 295357 bytes, 可读: true, 是文件: true)
2025-02-20T22:57:31.584+08:00  INFO 99541 --- [cnki_java] [           main] c.c.www.cnki_java.config.WebMvcConfig    : 发现文件: 1906.01510v1.pdf (大小: 1925115 bytes, 可读: true, 是文件: true)
2025-02-20T22:57:31.584+08:00  INFO 99541 --- [cnki_java] [           main] c.c.www.cnki_java.config.WebMvcConfig    : 发现文件: 2306.03052v1.pdf (大小: 987911 bytes, 可读: true, 是文件: true)
2025-02-20T22:57:31.584+08:00  INFO 99541 --- [cnki_java] [           main] c.c.www.cnki_java.config.WebMvcConfig    : 发现文件: 0705.2327v1.pdf (大小: 223191 bytes, 可读: true, 是文件: true)
2025-02-20T22:57:31.585+08:00  INFO 99541 --- [cnki_java] [           main] c.c.www.cnki_java.config.WebMvcConfig    : 发现文件: 2111.09111v1.pdf (大小: 1012670 bytes, 可读: true, 是文件: true)
2025-02-20T22:57:31.585+08:00  INFO 99541 --- [cnki_java] [           main] c.c.www.cnki_java.config.WebMvcConfig    : 发现文件: 2301.09141v1.pdf (大小: 12932751 bytes, 可读: true, 是文件: true)
2025-02-20T22:57:31.585+08:00  INFO 99541 --- [cnki_java] [           main] c.c.www.cnki_java.config.WebMvcConfig    : 发现文件: 2401.07502v2.pdf (大小: 1345433 bytes, 可读: true, 是文件: true)
2025-02-20T22:57:31.585+08:00  INFO 99541 --- [cnki_java] [           main] c.c.www.cnki_java.config.WebMvcConfig    : 发现文件: 2002.00686v1.pdf (大小: 1884474 bytes, 可读: true, 是文件: true)
2025-02-20T22:57:31.585+08:00  INFO 99541 --- [cnki_java] [           main] c.c.www.cnki_java.config.WebMvcConfig    : 发现文件: 1406.4029v1.pdf (大小: 1432432 bytes, 可读: true, 是文件: true)
2025-02-20T22:57:31.585+08:00  INFO 99541 --- [cnki_java] [           main] c.c.www.cnki_java.config.WebMvcConfig    : 发现文件: 2108.12665v2.pdf (大小: 13230706 bytes, 可读: true, 是文件: true)
2025-02-20T22:57:31.585+08:00  INFO 99541 --- [cnki_java] [           main] c.c.www.cnki_java.config.WebMvcConfig    : 发现文件: 2305.06140v1.pdf (大小: 1043154 bytes, 可读: true, 是文件: true)
2025-02-20T22:57:31.585+08:00  INFO 99541 --- [cnki_java] [           main] c.c.www.cnki_java.config.WebMvcConfig    : 发现文件: 2402.04020v2.pdf (大小: 1859131 bytes, 可读: true, 是文件: true)
2025-02-20T22:57:31.585+08:00  INFO 99541 --- [cnki_java] [           main] c.c.www.cnki_java.config.WebMvcConfig    : 发现文件: 2011.01501v1.pdf (大小: 2240890 bytes, 可读: true, 是文件: true)
2025-02-20T22:57:31.585+08:00  INFO 99541 --- [cnki_java] [           main] c.c.www.cnki_java.config.WebMvcConfig    : 发现文件: 2203.00231v1.pdf (大小: 863190 bytes, 可读: true, 是文件: true)
2025-02-20T22:57:31.585+08:00  INFO 99541 --- [cnki_java] [           main] c.c.www.cnki_java.config.WebMvcConfig    : 发现文件: 2409.19008v1.pdf (大小: 1029470 bytes, 可读: true, 是文件: true)
2025-02-20T22:57:31.585+08:00  INFO 99541 --- [cnki_java] [           main] c.c.www.cnki_java.config.WebMvcConfig    : 发现文件: 1807.02698v1.pdf (大小: 958285 bytes, 可读: true, 是文件: true)
2025-02-20T22:57:31.585+08:00  INFO 99541 --- [cnki_java] [           main] c.c.www.cnki_java.config.WebMvcConfig    : 发现文件: 0601015v1.pdf (大小: 537843 bytes, 可读: true, 是文件: true)
2025-02-20T22:57:31.585+08:00  INFO 99541 --- [cnki_java] [           main] c.c.www.cnki_java.config.WebMvcConfig    : 发现文件: 1405.3998v1.pdf (大小: 1251591 bytes, 可读: true, 是文件: true)
2025-02-20T22:57:31.585+08:00  INFO 99541 --- [cnki_java] [           main] c.c.www.cnki_java.config.WebMvcConfig    : 发现文件: 2001.11275v1.pdf (大小: 622205 bytes, 可读: true, 是文件: true)
2025-02-20T22:57:31.585+08:00  INFO 99541 --- [cnki_java] [           main] c.c.www.cnki_java.config.WebMvcConfig    : 发现文件: 1909.09057v1.pdf (大小: 242680 bytes, 可读: true, 是文件: true)
2025-02-20T22:57:31.585+08:00  INFO 99541 --- [cnki_java] [           main] c.c.www.cnki_java.config.WebMvcConfig    : 发现文件: 2209.06055v1.pdf (大小: 1313623 bytes, 可读: true, 是文件: true)
2025-02-20T22:57:31.585+08:00  INFO 99541 --- [cnki_java] [           main] c.c.www.cnki_java.config.WebMvcConfig    : 发现文件: 2009.13190v2.pdf (大小: 822734 bytes, 可读: true, 是文件: true)
2025-02-20T22:57:31.585+08:00  INFO 99541 --- [cnki_java] [           main] c.c.www.cnki_java.config.WebMvcConfig    : 发现文件: 2409.05917v1.pdf (大小: 3233875 bytes, 可读: true, 是文件: true)
2025-02-20T22:57:31.585+08:00  INFO 99541 --- [cnki_java] [           main] c.c.www.cnki_java.config.WebMvcConfig    : 发现文件: 1909.08743v1.pdf (大小: 4815720 bytes, 可读: true, 是文件: true)
2025-02-20T22:57:31.585+08:00  INFO 99541 --- [cnki_java] [           main] c.c.www.cnki_java.config.WebMvcConfig    : 发现文件: 1302.3774v1.pdf (大小: 105960 bytes, 可读: true, 是文件: true)
2025-02-20T22:57:31.585+08:00  INFO 99541 --- [cnki_java] [           main] c.c.www.cnki_java.config.WebMvcConfig    : 发现文件: 1706.07689v1.pdf (大小: 892607 bytes, 可读: true, 是文件: true)
2025-02-20T22:57:31.585+08:00  INFO 99541 --- [cnki_java] [           main] c.c.www.cnki_java.config.WebMvcConfig    : 发现文件: 1908.08078v1.pdf (大小: 2701859 bytes, 可读: true, 是文件: true)
2025-02-20T22:57:31.585+08:00  INFO 99541 --- [cnki_java] [           main] c.c.www.cnki_java.config.WebMvcConfig    : 发现文件: 9803097v2.pdf (大小: 157447 bytes, 可读: true, 是文件: true)
2025-02-20T22:57:31.585+08:00  INFO 99541 --- [cnki_java] [           main] c.c.www.cnki_java.config.WebMvcConfig    : 发现文件: 2308.07108v1.pdf (大小: 12115478 bytes, 可读: true, 是文件: true)
2025-02-20T22:57:31.585+08:00  INFO 99541 --- [cnki_java] [           main] c.c.www.cnki_java.config.WebMvcConfig    : 发现文件: 1307.5981v2.pdf (大小: 825070 bytes, 可读: true, 是文件: true)
2025-02-20T22:57:31.585+08:00  INFO 99541 --- [cnki_java] [           main] c.c.www.cnki_java.config.WebMvcConfig    : 发现文件: 1805.03980v2.pdf (大小: 2096388 bytes, 可读: true, 是文件: true)
2025-02-20T22:57:31.586+08:00  INFO 99541 --- [cnki_java] [           main] c.c.www.cnki_java.config.WebMvcConfig    : 发现文件: 1804.07085v1.pdf (大小: 458138 bytes, 可读: true, 是文件: true)
2025-02-20T22:57:31.586+08:00  INFO 99541 --- [cnki_java] [           main] c.c.www.cnki_java.config.WebMvcConfig    : 发现文件: 2005.12070v1.pdf (大小: 2515300 bytes, 可读: true, 是文件: true)
2025-02-20T22:57:31.586+08:00  INFO 99541 --- [cnki_java] [           main] c.c.www.cnki_java.config.WebMvcConfig    : 发现文件: 1508.00675v1.pdf (大小: 787562 bytes, 可读: true, 是文件: true)
2025-02-20T22:57:31.586+08:00  INFO 99541 --- [cnki_java] [           main] c.c.www.cnki_java.config.WebMvcConfig    : 发现文件: 1210.6101v1.pdf (大小: 892392 bytes, 可读: true, 是文件: true)
2025-02-20T22:57:31.586+08:00  INFO 99541 --- [cnki_java] [           main] c.c.www.cnki_java.config.WebMvcConfig    : 发现文件: 1406.3268v1.pdf (大小: 229455 bytes, 可读: true, 是文件: true)
2025-02-20T22:57:31.586+08:00  INFO 99541 --- [cnki_java] [           main] c.c.www.cnki_java.config.WebMvcConfig    : 发现文件: 2301.04471v1.pdf (大小: 326943 bytes, 可读: true, 是文件: true)
2025-02-20T22:57:31.586+08:00  INFO 99541 --- [cnki_java] [           main] c.c.www.cnki_java.config.WebMvcConfig    : 发现文件: 2412.19301v1.pdf (大小: 896763 bytes, 可读: true, 是文件: true)
2025-02-20T22:57:31.586+08:00  INFO 99541 --- [cnki_java] [           main] c.c.www.cnki_java.config.WebMvcConfig    : 发现文件: 1710.09721v1.pdf (大小: 510267 bytes, 可读: true, 是文件: true)
2025-02-20T22:57:31.586+08:00  INFO 99541 --- [cnki_java] [           main] c.c.www.cnki_java.config.WebMvcConfig    : 发现文件: 2405.19849v1.pdf (大小: 7099891 bytes, 可读: true, 是文件: true)
2025-02-20T22:57:31.586+08:00  INFO 99541 --- [cnki_java] [           main] c.c.www.cnki_java.config.WebMvcConfig    : 发现文件: 2312.12788v1.pdf (大小: 1530463 bytes, 可读: true, 是文件: true)
2025-02-20T22:57:31.586+08:00  INFO 99541 --- [cnki_java] [           main] c.c.www.cnki_java.config.WebMvcConfig    : 发现文件: 1612.04663v1.pdf (大小: 2190194 bytes, 可读: true, 是文件: true)
2025-02-20T22:57:31.586+08:00  INFO 99541 --- [cnki_java] [           main] c.c.www.cnki_java.config.WebMvcConfig    : 发现文件: 1801.02375v1.pdf (大小: 2519176 bytes, 可读: true, 是文件: true)
2025-02-20T22:57:31.586+08:00  INFO 99541 --- [cnki_java] [           main] c.c.www.cnki_java.config.WebMvcConfig    : 发现文件: 1403.0064v1.pdf (大小: 1477601 bytes, 可读: true, 是文件: true)
2025-02-20T22:57:31.586+08:00  INFO 99541 --- [cnki_java] [           main] c.c.www.cnki_java.config.WebMvcConfig    : 发现文件: 2502.05563v1.pdf (大小: 1365567 bytes, 可读: true, 是文件: true)
2025-02-20T22:57:31.586+08:00  INFO 99541 --- [cnki_java] [           main] c.c.www.cnki_java.config.WebMvcConfig    : 发现文件: 1708.09510v1.pdf (大小: 1012748 bytes, 可读: true, 是文件: true)
2025-02-20T22:57:31.586+08:00  INFO 99541 --- [cnki_java] [           main] c.c.www.cnki_java.config.WebMvcConfig    : 发现文件: 1407.3652v1.pdf (大小: 688325 bytes, 可读: true, 是文件: true)
2025-02-20T22:57:31.586+08:00  INFO 99541 --- [cnki_java] [           main] c.c.www.cnki_java.config.WebMvcConfig    : 发现文件: 2410.16961v1.pdf (大小: 2556712 bytes, 可读: true, 是文件: true)
2025-02-20T22:57:31.586+08:00  INFO 99541 --- [cnki_java] [           main] c.c.www.cnki_java.config.WebMvcConfig    : 发现文件: 0806.1170v3.pdf (大小: 425743 bytes, 可读: true, 是文件: true)
2025-02-20T22:57:31.586+08:00  INFO 99541 --- [cnki_java] [           main] c.c.www.cnki_java.config.WebMvcConfig    : 发现文件: 2305.01386v1.pdf (大小: 2267844 bytes, 可读: true, 是文件: true)
2025-02-20T22:57:31.586+08:00  INFO 99541 --- [cnki_java] [           main] c.c.www.cnki_java.config.WebMvcConfig    : 发现文件: 2303.01121v1.pdf (大小: 1488659 bytes, 可读: true, 是文件: true)
2025-02-20T22:57:31.586+08:00  INFO 99541 --- [cnki_java] [           main] c.c.www.cnki_java.config.WebMvcConfig    : 发现文件: 2309.13096v2.pdf (大小: 713575 bytes, 可读: true, 是文件: true)
2025-02-20T22:57:31.586+08:00  INFO 99541 --- [cnki_java] [           main] c.c.www.cnki_java.config.WebMvcConfig    : 发现文件: 1709.05897v1.pdf (大小: 1362755 bytes, 可读: true, 是文件: true)
2025-02-20T22:57:31.586+08:00  INFO 99541 --- [cnki_java] [           main] c.c.www.cnki_java.config.WebMvcConfig    : 发现文件: 1907.10812v1.pdf (大小: 755729 bytes, 可读: true, 是文件: true)
2025-02-20T22:57:31.586+08:00  INFO 99541 --- [cnki_java] [           main] c.c.www.cnki_java.config.WebMvcConfig    : 发现文件: 2203.07229v2.pdf (大小: 696625 bytes, 可读: true, 是文件: true)
2025-02-20T22:57:31.587+08:00  INFO 99541 --- [cnki_java] [           main] c.c.www.cnki_java.config.WebMvcConfig    : 发现文件: 1702.07760v1.pdf (大小: 3298909 bytes, 可读: true, 是文件: true)
2025-02-20T22:57:31.587+08:00  INFO 99541 --- [cnki_java] [           main] c.c.www.cnki_java.config.WebMvcConfig    : 发现文件: 1704.04714v1.pdf (大小: 237619 bytes, 可读: true, 是文件: true)
2025-02-20T22:57:31.587+08:00  INFO 99541 --- [cnki_java] [           main] c.c.www.cnki_java.config.WebMvcConfig    : 发现文件: 0903.4286v1.pdf (大小: 363169 bytes, 可读: true, 是文件: true)
2025-02-20T22:57:31.587+08:00  INFO 99541 --- [cnki_java] [           main] c.c.www.cnki_java.config.WebMvcConfig    : 发现文件: 2012.11562v1.pdf (大小: 2963213 bytes, 可读: true, 是文件: true)
2025-02-20T22:57:31.592+08:00 TRACE 99541 --- [cnki_java] [           main] o.s.w.s.handler.SimpleUrlHandlerMapping  : Mapped [/webjars/**] onto ResourceHttpRequestHandler [classpath [META-INF/resources/webjars/]]
2025-02-20T22:57:31.592+08:00 TRACE 99541 --- [cnki_java] [           main] o.s.w.s.handler.SimpleUrlHandlerMapping  : Mapped [/pages/**] onto ResourceHttpRequestHandler [URL [file:/Users/rick/Desktop/CNKI/cnki_java/pages/]]
2025-02-20T22:57:31.592+08:00 TRACE 99541 --- [cnki_java] [           main] o.s.w.s.handler.SimpleUrlHandlerMapping  : Mapped [/avatars/**] onto ResourceHttpRequestHandler [URL [file:/Users/rick/Desktop/CNKI/cnki_java/uploads/avatars/]]
2025-02-20T22:57:31.592+08:00 TRACE 99541 --- [cnki_java] [           main] o.s.w.s.handler.SimpleUrlHandlerMapping  : Mapped [/pdfs/**] onto ResourceHttpRequestHandler [URL [file:/Users/rick/Desktop/CNKI/cnki_java/pages/]]
2025-02-20T22:57:31.592+08:00 DEBUG 99541 --- [cnki_java] [           main] o.s.w.s.handler.SimpleUrlHandlerMapping  : Patterns [/webjars/**, /pages/**, /avatars/**, /pdfs/**] in 'resourceHandlerMapping'
2025-02-20T22:57:31.598+08:00 TRACE 99541 --- [cnki_java] [           main] o.s.c.io.support.SpringFactoriesLoader   : Loaded [org.springframework.security.config.annotation.web.configurers.AbstractHttpConfigurer] names: []
2025-02-20T22:57:31.662+08:00 TRACE 99541 --- [cnki_java] [           main] o.s.c.io.support.SpringFactoriesLoader   : Loaded [org.springframework.core.io.ProtocolResolver] names: [org.springframework.boot.io.Base64ProtocolResolver]
2025-02-20T22:57:31.777+08:00 TRACE 99541 --- [cnki_java] [           main] o.s.c.io.support.SpringFactoriesLoader   : Loaded [org.springframework.boot.autoconfigure.template.TemplateAvailabilityProvider] names: [org.springframework.boot.autoconfigure.freemarker.FreeMarkerTemplateAvailabilityProvider, org.springframework.boot.autoconfigure.mustache.MustacheTemplateAvailabilityProvider, org.springframework.boot.autoconfigure.groovy.template.GroovyTemplateAvailabilityProvider, org.springframework.boot.autoconfigure.thymeleaf.ThymeleafTemplateAvailabilityProvider, org.springframework.boot.autoconfigure.web.servlet.JspTemplateAvailabilityProvider]
2025-02-20T22:57:31.796+08:00 DEBUG 99541 --- [cnki_java] [           main] s.w.s.m.m.a.RequestMappingHandlerAdapter : ControllerAdvice beans: 0 @ModelAttribute, 0 @InitBinder, 1 RequestBodyAdvice, 1 ResponseBodyAdvice
2025-02-20T22:57:31.815+08:00 DEBUG 99541 --- [cnki_java] [           main] .m.m.a.ExceptionHandlerExceptionResolver : ControllerAdvice beans: 0 @ExceptionHandler, 1 ResponseBodyAdvice
2025-02-20T22:57:31.854+08:00  INFO 99541 --- [cnki_java] [           main] c.c.w.c.CnkiJavaApplicationTests         : Started CnkiJavaApplicationTests in 13.06 seconds (process running for 13.693)
]]></system-out>
    <system-err><![CDATA[Mockito is currently self-attaching to enable the inline-mock-maker. This will no longer work in future releases of the JDK. Please add Mockito as an agent to your build what is described in Mockito's documentation: https://javadoc.io/doc/org.mockito/mockito-core/latest/org/mockito/Mockito.html#0.3
WARNING: A Java agent has been loaded dynamically (/Users/rick/.m2/repository/net/bytebuddy/byte-buddy-agent/1.15.11/byte-buddy-agent-1.15.11.jar)
WARNING: If a serviceability tool is in use, please run with -XX:+EnableDynamicAgentLoading to hide this warning
WARNING: If a serviceability tool is not in use, please run with -Djdk.instrument.traceUsage for more information
WARNING: Dynamic loading of agents will be disallowed by default in a future release
]]></system-err>
  </testcase>
</testsuite>